2025-05-11 22:52:46,854  root       handle_response DEBUG    Write: '7E8 04 41 0C 15 2A \r\r>'
2025-05-11 22:52:46,873  root       run             DEBUG    Received '010D'
2025-05-11 22:52:46,873  root       handle_request  DEBUG    Handling: '010D', header '7E0', ECU '7E0'
2025-05-11 22:52:46,873  root       handle_request  DEBUG    Description: Vehicle Speed, PID SPEED (010D)
2025-05-11 22:52:46,873  root       handle_response DEBUG    Processing: '<header>7E8</header><size>03</size><data>41 0D 72</data>'
2025-05-11 22:52:46,873  root       handle_response DEBUG    Write: '7E8 03 41 0D 72 \r\r>'
2025-05-11 22:52:47,382  root       run             DEBUG    Received '010C'
2025-05-11 22:52:47,382  root       handle_request  DEBUG    Handling: '010C', header '7E0', ECU '7E0'
2025-05-11 22:52:47,382  root       handle_request  DEBUG    Description: Engine RPM, PID RPM (010C)
2025-05-11 22:52:47,383  root       handle_response DEBUG    Processing: '<header>7E8</header><size>04</size><data>41 0C 09 F6</data>'
2025-05-11 22:52:47,383  root       handle_response DEBUG    Write: '7E8 04 41 0C 09 F6 \r\r>'
2025-05-11 22:52:47,389  root       run             DEBUG    Received '010D'
2025-05-11 22:52:47,389  root       handle_request  DEBUG    Handling: '010D', header '7E0', ECU '7E0'
2025-05-11 22:52:47,389  root       handle_request  DEBUG    Description: Vehicle Speed, PID SPEED (010D)
2025-05-11 22:52:47,389  root       handle_response DEBUG    Processing: '<header>7E8</header><size>03</size><data>41 0D 48</data>'
2025-05-11 22:52:47,389  root       handle_response DEBUG    Write: '7E8 03 41 0D 48 \r\r>'
2025-05-11 22:52:47,900  root       run             DEBUG    Received '010C'
2025-05-11 22:52:47,900  root       handle_request  DEBUG    Handling: '010C', header '7E0', ECU '7E0'
2025-05-11 22:52:47,900  root       handle_request  DEBUG    Description: Engine RPM, PID RPM (010C)
2025-05-11 22:52:47,900  root       handle_response DEBUG    Processing: '<header>7E8</header><size>04</size><data>41 0C 23 82</data>'
2025-05-11 22:52:47,900  root       handle_response DEBUG    Write: '7E8 04 41 0C 23 82 \r\r>'
2025-05-11 22:52:47,903  root       run             DEBUG    Received '010D'
2025-05-11 22:52:47,903  root       handle_request  DEBUG    Handling: '010D', header '7E0', ECU '7E0'
2025-05-11 22:52:47,903  root       handle_request  DEBUG    Description: Vehicle Speed, PID SPEED (010D)
2025-05-11 22:52:47,904  root       handle_response DEBUG    Processing: '<header>7E8</header><size>03</size><data>41 0D 20</data>'
2025-05-11 22:52:47,904  root       handle_response DEBUG    Write: '7E8 03 41 0D 20 \r\r>'
2025-05-11 22:52:48,411  root       run             DEBUG    Received '010C'
2025-05-11 22:52:48,412  root       handle_request  DEBUG    Handling: '010C', header '7E0', ECU '7E0'
2025-05-11 22:52:48,412  root       handle_request  DEBUG    Description: Engine RPM, PID RPM (010C)
2025-05-11 22:52:48,412  root       handle_response DEBUG    Processing: '<header>7E8</header><size>04</size><data>41 0C 26 25</data>'
2025-05-11 22:52:48,412  root       handle_response DEBUG    Write: '7E8 04 41 0C 26 25 \r\r>'
2025-05-11 22:52:48,416  root       run             DEBUG    Received '010D'
2025-05-11 22:52:48,417  root       handle_request  DEBUG    Handling: '010D', header '7E0', ECU '7E0'
2025-05-11 22:52:48,417  root       handle_request  DEBUG    Description: Vehicle Speed, PID SPEED (010D)
2025-05-11 22:52:48,417  root       handle_response DEBUG    Processing: '<header>7E8</header><size>03</size><data>41 0D 29</data>'
2025-05-11 22:52:48,417  root       handle_response DEBUG    Write: '7E8 03 41 0D 29 \r\r>'
2025-05-11 22:52:48,928  root       run             DEBUG    Received '010C'
2025-05-11 22:52:48,929  root       handle_request  DEBUG    Handling: '010C', header '7E0', ECU '7E0'
2025-05-11 22:52:48,929  root       handle_request  DEBUG    Description: Engine RPM, PID RPM (010C)
2025-05-11 22:52:48,929  root       handle_response DEBUG    Processing: '<header>7E8</header><size>04</size><data>41 0C 18 9F</data>'
2025-05-11 22:52:48,930  root       handle_response DEBUG    Write: '7E8 04 41 0C 18 9F \r\r>'
2025-05-11 22:52:48,937  root       run             DEBUG    Received '010D'
2025-05-11 22:52:48,937  root       handle_request  DEBUG    Handling: '010D', header '7E0', ECU '7E0'
2025-05-11 22:52:48,938  root       handle_request  DEBUG    Description: Vehicle Speed, PID SPEED (010D)
2025-05-11 22:52:48,938  root       handle_response DEBUG    Processing: '<header>7E8</header><size>03</size><data>41 0D 0E</data>'
2025-05-11 22:52:48,938  root       handle_response DEBUG    Write: '7E8 03 41 0D 0E \r\r>'
2025-05-11 22:52:49,448  root       run             DEBUG    Received '010C'
2025-05-11 22:52:49,449  root       handle_request  DEBUG    Handling: '010C', header '7E0', ECU '7E0'
2025-05-11 22:52:49,449  root       handle_request  DEBUG    Description: Engine RPM, PID RPM (010C)
2025-05-11 22:52:49,450  root       handle_response DEBUG    Processing: '<header>7E8</header><size>04</size><data>41 0C 13 FB</data>'
2025-05-11 22:52:49,450  root       handle_response DEBUG    Write: '7E8 04 41 0C 13 FB \r\r>'
2025-05-11 22:52:49,459  root       run             DEBUG    Received '010D'
2025-05-11 22:52:49,459  root       handle_request  DEBUG    Handling: '010D', header '7E0', ECU '7E0'
2025-05-11 22:52:49,460  root       handle_request  DEBUG    Description: Vehicle Speed, PID SPEED (010D)
2025-05-11 22:52:49,460  root       handle_response DEBUG    Processing: '<header>7E8</header><size>03</size><data>41 0D 0A</data>'
2025-05-11 22:52:49,460  root       handle_response DEBUG    Write: '7E8 03 41 0D 0A \r\r>'
2025-05-11 22:52:49,969  root       run             DEBUG    Received '010C'
2025-05-11 22:52:49,969  root       handle_request  DEBUG    Handling: '010C', header '7E0', ECU '7E0'
2025-05-11 22:52:49,970  root       handle_request  DEBUG    Description: Engine RPM, PID RPM (010C)
2025-05-11 22:52:49,970  root       handle_response DEBUG    Processing: '<header>7E8</header><size>04</size><data>41 0C 3F 7A</data>'
2025-05-11 22:52:49,970  root       handle_response DEBUG    Write: '7E8 04 41 0C 3F 7A \r\r>'
2025-05-11 22:52:49,976  root       run             DEBUG    Received '010D'
2025-05-11 22:52:49,977  root       handle_request  DEBUG    Handling: '010D', header '7E0', ECU '7E0'
2025-05-11 22:52:49,977  root       handle_request  DEBUG    Description: Vehicle Speed, PID SPEED (010D)
2025-05-11 22:52:49,977  root       handle_response DEBUG    Processing: '<header>7E8</header><size>03</size><data>41 0D 37</data>'
2025-05-11 22:52:49,977  root       handle_response DEBUG    Write: '7E8 03 41 0D 37 \r\r>'
2025-05-11 22:52:50,487  root       run             DEBUG    Received '010C'
2025-05-11 22:52:50,487  root       handle_request  DEBUG    Handling: '010C', header '7E0', ECU '7E0'
2025-05-11 22:52:50,488  root       handle_request  DEBUG    Description: Engine RPM, PID RPM (010C)
2025-05-11 22:52:50,488  root       handle_response DEBUG    Processing: '<header>7E8</header><size>04</size><data>41 0C 14 5F</data>'
2025-05-11 22:52:50,488  root       handle_response DEBUG    Write: '7E8 04 41 0C 14 5F \r\r>'
2025-05-11 22:52:50,495  root       run             DEBUG    Received '010D'
2025-05-11 22:52:50,495  root       handle_request  DEBUG    Handling: '010D', header '7E0', ECU '7E0'
2025-05-11 22:52:50,495  root       handle_request  DEBUG    Description: Vehicle Speed, PID SPEED (010D)
2025-05-11 22:52:50,495  root       handle_response DEBUG    Processing: '<header>7E8</header><size>03</size><data>41 0D 27</data>'
2025-05-11 22:52:50,495  root       handle_response DEBUG    Write: '7E8 03 41 0D 27 \r\r>'
2025-05-11 22:52:51,006  root       run             DEBUG    Received '010C'
2025-05-11 22:52:51,007  root       handle_request  DEBUG    Handling: '010C', header '7E0', ECU '7E0'
2025-05-11 22:52:51,007  root       handle_request  DEBUG    Description: Engine RPM, PID RPM (010C)
2025-05-11 22:52:51,007  root       handle_response DEBUG    Processing: '<header>7E8</header><size>04</size><data>41 0C 00 00</data>'
2025-05-11 22:52:51,007  root       handle_response DEBUG    Write: '7E8 04 41 0C 00 00 \r\r>'
2025-05-11 22:52:51,015  root       run             DEBUG    Received '010D'
2025-05-11 22:52:51,016  root       handle_request  DEBUG    Handling: '010D', header '7E0', ECU '7E0'
2025-05-11 22:52:51,016  root       handle_request  DEBUG    Description: Vehicle Speed, PID SPEED (010D)
2025-05-11 22:52:51,016  root       handle_response DEBUG    Processing: '<header>7E8</header><size>03</size><data>41 0D 33</data>'
2025-05-11 22:52:51,016  root       handle_response DEBUG    Write: '7E8 03 41 0D 33 \r\r>'
2025-05-11 22:52:51,526  root       run             DEBUG    Received '010C'
2025-05-11 22:52:51,527  root       handle_request  DEBUG    Handling: '010C', header '7E0', ECU '7E0'
2025-05-11 22:52:51,527  root       handle_request  DEBUG    Description: Engine RPM, PID RPM (010C)
2025-05-11 22:52:51,527  root       handle_response DEBUG    Processing: '<header>7E8</header><size>04</size><data>41 0C 41 C2</data>'
2025-05-11 22:52:51,527  root       handle_response DEBUG    Write: '7E8 04 41 0C 41 C2 \r\r>'
2025-05-11 22:52:51,535  root       run             DEBUG    Received '010D'
2025-05-11 22:52:51,536  root       handle_request  DEBUG    Handling: '010D', header '7E0', ECU '7E0'
2025-05-11 22:52:51,537  root       handle_request  DEBUG    Description: Vehicle Speed, PID SPEED (010D)
2025-05-11 22:52:51,537  root       handle_response DEBUG    Processing: '<header>7E8</header><size>03</size><data>41 0D 00</data>'
2025-05-11 22:52:51,537  root       handle_response DEBUG    Write: '7E8 03 41 0D 00 \r\r>'
2025-05-11 22:52:52,049  root       run             DEBUG    Received '010C'
2025-05-11 22:52:52,049  root       handle_request  DEBUG    Handling: '010C', header '7E0', ECU '7E0'
2025-05-11 22:52:52,050  root       handle_request  DEBUG    Description: Engine RPM, PID RPM (010C)
2025-05-11 22:52:52,050  root       handle_response DEBUG    Processing: '<header>7E8</header><size>04</size><data>41 0C 35 CB</data>'
2025-05-11 22:52:52,050  root       handle_response DEBUG    Write: '7E8 04 41 0C 35 CB \r\r>'
2025-05-11 22:52:52,059  root       run             DEBUG    Received '010D'
2025-05-11 22:52:52,059  root       handle_request  DEBUG    Handling: '010D', header '7E0', ECU '7E0'
2025-05-11 22:52:52,060  root       handle_request  DEBUG    Description: Vehicle Speed, PID SPEED (010D)
2025-05-11 22:52:52,060  root       handle_response DEBUG    Processing: '<header>7E8</header><size>03</size><data>41 0D 44</data>'
2025-05-11 22:52:52,060  root       handle_response DEBUG    Write: '7E8 03 41 0D 44 \r\r>'
2025-05-11 22:52:52,568  root       run             DEBUG    Received '010C'
2025-05-11 22:52:52,568  root       handle_request  DEBUG    Handling: '010C', header '7E0', ECU '7E0'
2025-05-11 22:52:52,568  root       handle_request  DEBUG    Description: Engine RPM, PID RPM (010C)
2025-05-11 22:52:52,568  root       handle_response DEBUG    Processing: '<header>7E8</header><size>04</size><data>41 0C 14 46</data>'
2025-05-11 22:52:52,568  root       handle_response DEBUG    Write: '7E8 04 41 0C 14 46 \r\r>'
2025-05-11 22:52:52,570  root       run             DEBUG    Received '010D'
2025-05-11 22:52:52,570  root       handle_request  DEBUG    Handling: '010D', header '7E0', ECU '7E0'
2025-05-11 22:52:52,571  root       handle_request  DEBUG    Description: Vehicle Speed, PID SPEED (010D)
2025-05-11 22:52:52,571  root       handle_response DEBUG    Processing: '<header>7E8</header><size>03</size><data>41 0D 5C</data>'
2025-05-11 22:52:52,571  root       handle_response DEBUG    Write: '7E8 03 41 0D 5C \r\r>'
2025-05-11 22:52:53,079  root       run             DEBUG    Received '010C'
2025-05-11 22:52:53,080  root       handle_request  DEBUG    Handling: '010C', header '7E0', ECU '7E0'
2025-05-11 22:52:53,080  root       handle_request  DEBUG    Description: Engine RPM, PID RPM (010C)
2025-05-11 22:52:53,080  root       handle_response DEBUG    Processing: '<header>7E8</header><size>04</size><data>41 0C 12 87</data>'
2025-05-11 22:52:53,081  root       handle_response DEBUG    Write: '7E8 04 41 0C 12 87 \r\r>'
2025-05-11 22:52:53,087  root       run             DEBUG    Received '010D'
2025-05-11 22:52:53,087  root       handle_request  DEBUG    Handling: '010D', header '7E0', ECU '7E0'
2025-05-11 22:52:53,087  root       handle_request  DEBUG    Description: Vehicle Speed, PID SPEED (010D)
2025-05-11 22:52:53,088  root       handle_response DEBUG    Processing: '<header>7E8</header><size>03</size><data>41 0D 1D</data>'
2025-05-11 22:52:53,088  root       handle_response DEBUG    Write: '7E8 03 41 0D 1D \r\r>'
2025-05-11 22:52:53,599  root       run             DEBUG    Received '010C'
2025-05-11 22:52:53,600  root       handle_request  DEBUG    Handling: '010C', header '7E0', ECU '7E0'
2025-05-11 22:52:53,600  root       handle_request  DEBUG    Description: Engine RPM, PID RPM (010C)
2025-05-11 22:52:53,600  root       handle_response DEBUG    Processing: '<header>7E8</header><size>04</size><data>41 0C 3B 2E</data>'
2025-05-11 22:52:53,601  root       handle_response DEBUG    Write: '7E8 04 41 0C 3B 2E \r\r>'
2025-05-11 22:52:53,611  root       run             DEBUG    Received '010D'
2025-05-11 22:52:53,611  root       handle_request  DEBUG    Handling: '010D', header '7E0', ECU '7E0'
2025-05-11 22:52:53,611  root       handle_request  DEBUG    Description: Vehicle Speed, PID SPEED (010D)
2025-05-11 22:52:53,612  root       handle_response DEBUG    Processing: '<header>7E8</header><size>03</size><data>41 0D 72</data>'
2025-05-11 22:52:53,612  root       handle_response DEBUG    Write: '7E8 03 41 0D 72 \r\r>'
2025-05-11 22:52:54,122  root       run             DEBUG    Received '010C'
2025-05-11 22:52:54,123  root       handle_request  DEBUG    Handling: '010C', header '7E0', ECU '7E0'
2025-05-11 22:52:54,123  root       handle_request  DEBUG    Description: Engine RPM, PID RPM (010C)
2025-05-11 22:52:54,123  root       handle_response DEBUG    Processing: '<header>7E8</header><size>04</size><data>41 0C 15 2A</data>'
2025-05-11 22:52:54,124  root       handle_response DEBUG    Write: '7E8 04 41 0C 15 2A \r\r>'
2025-05-11 22:52:54,132  root       run             DEBUG    Received '010D'
2025-05-11 22:52:54,132  root       handle_request  DEBUG    Handling: '010D', header '7E0', ECU '7E0'
2025-05-11 22:52:54,132  root       handle_request  DEBUG    Description: Vehicle Speed, PID SPEED (010D)
2025-05-11 22:52:54,133  root       handle_response DEBUG    Processing: '<header>7E8</header><size>03</size><data>41 0D 48</data>'
2025-05-11 22:52:54,133  root       handle_response DEBUG    Write: '7E8 03 41 0D 48 \r\r>'
2025-05-11 22:52:54,643  root       run             DEBUG    Received '010C'
2025-05-11 22:52:54,643  root       handle_request  DEBUG    Handling: '010C', header '7E0', ECU '7E0'
2025-05-11 22:52:54,644  root       handle_request  DEBUG    Description: Engine RPM, PID RPM (010C)
2025-05-11 22:52:54,644  root       handle_response DEBUG    Processing: '<header>7E8</header><size>04</size><data>41 0C 09 F6</data>'
2025-05-11 22:52:54,644  root       handle_response DEBUG    Write: '7E8 04 41 0C 09 F6 \r\r>'
2025-05-11 22:52:54,652  root       run             DEBUG    Received '010D'
2025-05-11 22:52:54,652  root       handle_request  DEBUG    Handling: '010D', header '7E0', ECU '7E0'
2025-05-11 22:52:54,652  root       handle_request  DEBUG    Description: Vehicle Speed, PID SPEED (010D)
2025-05-11 22:52:54,653  root       handle_response DEBUG    Processing: '<header>7E8</header><size>03</size><data>41 0D 20</data>'
2025-05-11 22:52:54,653  root       handle_response DEBUG    Write: '7E8 03 41 0D 20 \r\r>'
2025-05-11 22:52:55,165  root       run             DEBUG    Received '010C'
2025-05-11 22:52:55,165  root       handle_request  DEBUG    Handling: '010C', header '7E0', ECU '7E0'
2025-05-11 22:52:55,166  root       handle_request  DEBUG    Description: Engine RPM, PID RPM (010C)
2025-05-11 22:52:55,166  root       handle_response DEBUG    Processing: '<header>7E8</header><size>04</size><data>41 0C 23 82</data>'
2025-05-11 22:52:55,166  root       handle_response DEBUG    Write: '7E8 04 41 0C 23 82 \r\r>'
2025-05-11 22:52:55,173  root       run             DEBUG    Received '010D'
2025-05-11 22:52:55,173  root       handle_request  DEBUG    Handling: '010D', header '7E0', ECU '7E0'
2025-05-11 22:52:55,174  root       handle_request  DEBUG    Description: Vehicle Speed, PID SPEED (010D)
2025-05-11 22:52:55,174  root       handle_response DEBUG    Processing: '<header>7E8</header><size>03</size><data>41 0D 29</data>'
2025-05-11 22:52:55,174  root       handle_response DEBUG    Write: '7E8 03 41 0D 29 \r\r>'
2025-05-11 22:52:55,686  root       run             DEBUG    Received '010C'
2025-05-11 22:52:55,687  root       handle_request  DEBUG    Handling: '010C', header '7E0', ECU '7E0'
2025-05-11 22:52:55,687  root       handle_request  DEBUG    Description: Engine RPM, PID RPM (010C)
2025-05-11 22:52:55,688  root       handle_response DEBUG    Processing: '<header>7E8</header><size>04</size><data>41 0C 26 25</data>'
2025-05-11 22:52:55,688  root       handle_response DEBUG    Write: '7E8 04 41 0C 26 25 \r\r>'
2025-05-11 22:52:55,696  root       run             DEBUG    Received '010D'
2025-05-11 22:52:55,696  root       handle_request  DEBUG    Handling: '010D', header '7E0', ECU '7E0'
2025-05-11 22:52:55,697  root       handle_request  DEBUG    Description: Vehicle Speed, PID SPEED (010D)
2025-05-11 22:52:55,697  root       handle_response DEBUG    Processing: '<header>7E8</header><size>03</size><data>41 0D 0E</data>'
2025-05-11 22:52:55,697  root       handle_response DEBUG    Write: '7E8 03 41 0D 0E \r\r>'
2025-05-11 22:52:56,206  root       run             DEBUG    Received '010C'
2025-05-11 22:52:56,206  root       handle_request  DEBUG    Handling: '010C', header '7E0', ECU '7E0'
2025-05-11 22:52:56,207  root       handle_request  DEBUG    Description: Engine RPM, PID RPM (010C)
2025-05-11 22:52:56,207  root       handle_response DEBUG    Processing: '<header>7E8</header><size>04</size><data>41 0C 18 9F</data>'
2025-05-11 22:52:56,207  root       handle_response DEBUG    Write: '7E8 04 41 0C 18 9F \r\r>'
2025-05-11 22:52:56,213  root       run             DEBUG    Received '010D'
2025-05-11 22:52:56,213  root       handle_request  DEBUG    Handling: '010D', header '7E0', ECU '7E0'
2025-05-11 22:52:56,213  root       handle_request  DEBUG    Description: Vehicle Speed, PID SPEED (010D)
2025-05-11 22:52:56,213  root       handle_response DEBUG    Processing: '<header>7E8</header><size>03</size><data>41 0D 0A</data>'
2025-05-11 22:52:56,214  root       handle_response DEBUG    Write: '7E8 03 41 0D 0A \r\r>'
2025-05-11 22:52:56,725  root       run             DEBUG    Received '010C'
2025-05-11 22:52:56,725  root       handle_request  DEBUG    Handling: '010C', header '7E0', ECU '7E0'
2025-05-11 22:52:56,726  root       handle_request  DEBUG    Description: Engine RPM, PID RPM (010C)
2025-05-11 22:52:56,726  root       handle_response DEBUG    Processing: '<header>7E8</header><size>04</size><data>41 0C 13 FB</data>'
2025-05-11 22:52:56,726  root       handle_response DEBUG    Write: '7E8 04 41 0C 13 FB \r\r>'
2025-05-11 22:52:56,732  root       run             DEBUG    Received '010D'
2025-05-11 22:52:56,733  root       handle_request  DEBUG    Handling: '010D', header '7E0', ECU '7E0'
2025-05-11 22:52:56,733  root       handle_request  DEBUG    Description: Vehicle Speed, PID SPEED (010D)
2025-05-11 22:52:56,734  root       handle_response DEBUG    Processing: '<header>7E8</header><size>03</size><data>41 0D 37</data>'
2025-05-11 22:52:56,734  root       handle_response DEBUG    Write: '7E8 03 41 0D 37 \r\r>'
2025-05-11 22:52:57,244  root       run             DEBUG    Received '010C'
2025-05-11 22:52:57,245  root       handle_request  DEBUG    Handling: '010C', header '7E0', ECU '7E0'
2025-05-11 22:52:57,245  root       handle_request  DEBUG    Description: Engine RPM, PID RPM (010C)
2025-05-11 22:52:57,246  root       handle_response DEBUG    Processing: '<header>7E8</header><size>04</size><data>41 0C 3F 7A</data>'
2025-05-11 22:52:57,246  root       handle_response DEBUG    Write: '7E8 04 41 0C 3F 7A \r\r>'
2025-05-11 22:52:57,254  root       run             DEBUG    Received '010D'
2025-05-11 22:52:57,254  root       handle_request  DEBUG    Handling: '010D', header '7E0', ECU '7E0'
2025-05-11 22:52:57,254  root       handle_request  DEBUG    Description: Vehicle Speed, PID SPEED (010D)
2025-05-11 22:52:57,254  root       handle_response DEBUG    Processing: '<header>7E8</header><size>03</size><data>41 0D 27</data>'
2025-05-11 22:52:57,254  root       handle_response DEBUG    Write: '7E8 03 41 0D 27 \r\r>'
2025-05-11 22:52:57,763  root       run             DEBUG    Received '010C'
2025-05-11 22:52:57,763  root       handle_request  DEBUG    Handling: '010C', header '7E0', ECU '7E0'
2025-05-11 22:52:57,763  root       handle_request  DEBUG    Description: Engine RPM, PID RPM (010C)
2025-05-11 22:52:57,763  root       handle_response DEBUG    Processing: '<header>7E8</header><size>04</size><data>41 0C 14 5F</data>'
2025-05-11 22:52:57,763  root       handle_response DEBUG    Write: '7E8 04 41 0C 14 5F \r\r>'
2025-05-11 22:52:57,765  root       run             DEBUG    Received '010D'
2025-05-11 22:52:57,766  root       handle_request  DEBUG    Handling: '010D', header '7E0', ECU '7E0'
2025-05-11 22:52:57,766  root       handle_request  DEBUG    Description: Vehicle Speed, PID SPEED (010D)
2025-05-11 22:52:57,766  root       handle_response DEBUG    Processing: '<header>7E8</header><size>03</size><data>41 0D 33</data>'
2025-05-11 22:52:57,766  root       handle_response DEBUG    Write: '7E8 03 41 0D 33 \r\r>'
2025-05-11 22:52:58,275  root       run             DEBUG    Received '010C'
2025-05-11 22:52:58,275  root       handle_request  DEBUG    Handling: '010C', header '7E0', ECU '7E0'
2025-05-11 22:52:58,276  root       handle_request  DEBUG    Description: Engine RPM, PID RPM (010C)
2025-05-11 22:52:58,276  root       handle_response DEBUG    Processing: '<header>7E8</header><size>04</size><data>41 0C 00 00</data>'
2025-05-11 22:52:58,276  root       handle_response DEBUG    Write: '7E8 04 41 0C 00 00 \r\r>'
2025-05-11 22:52:58,283  root       run             DEBUG    Received '010D'
2025-05-11 22:52:58,283  root       handle_request  DEBUG    Handling: '010D', header '7E0', ECU '7E0'
2025-05-11 22:52:58,284  root       handle_request  DEBUG    Description: Vehicle Speed, PID SPEED (010D)
2025-05-11 22:52:58,284  root       handle_response DEBUG    Processing: '<header>7E8</header><size>03</size><data>41 0D 00</data>'
2025-05-11 22:52:58,285  root       handle_response DEBUG    Write: '7E8 03 41 0D 00 \r\r>'
2025-05-11 22:52:58,794  root       run             DEBUG    Received '010C'
2025-05-11 22:52:58,794  root       handle_request  DEBUG    Handling: '010C', header '7E0', ECU '7E0'
2025-05-11 22:52:58,795  root       handle_request  DEBUG    Description: Engine RPM, PID RPM (010C)
2025-05-11 22:52:58,795  root       handle_response DEBUG    Processing: '<header>7E8</header><size>04</size><data>41 0C 41 C2</data>'
2025-05-11 22:52:58,796  root       handle_response DEBUG    Write: '7E8 04 41 0C 41 C2 \r\r>'
2025-05-11 22:52:58,804  root       run             DEBUG    Received '010D'
2025-05-11 22:52:58,804  root       handle_request  DEBUG    Handling: '010D', header '7E0', ECU '7E0'
2025-05-11 22:52:58,805  root       handle_request  DEBUG    Description: Vehicle Speed, PID SPEED (010D)
2025-05-11 22:52:58,805  root       handle_response DEBUG    Processing: '<header>7E8</header><size>03</size><data>41 0D 44</data>'
2025-05-11 22:52:58,805  root       handle_response DEBUG    Write: '7E8 03 41 0D 44 \r\r>'
2025-05-11 22:52:59,318  root       run             DEBUG    Received '010C'
2025-05-11 22:52:59,318  root       handle_request  DEBUG    Handling: '010C', header '7E0', ECU '7E0'
2025-05-11 22:52:59,318  root       handle_request  DEBUG    Description: Engine RPM, PID RPM (010C)
2025-05-11 22:52:59,318  root       handle_response DEBUG    Processing: '<header>7E8</header><size>04</size><data>41 0C 35 CB</data>'
2025-05-11 22:52:59,319  root       handle_response DEBUG    Write: '7E8 04 41 0C 35 CB \r\r>'
2025-05-11 22:52:59,329  root       run             DEBUG    Received '010D'
2025-05-11 22:52:59,329  root       handle_request  DEBUG    Handling: '010D', header '7E0', ECU '7E0'
2025-05-11 22:52:59,330  root       handle_request  DEBUG    Description: Vehicle Speed, PID SPEED (010D)
2025-05-11 22:52:59,330  root       handle_response DEBUG    Processing: '<header>7E8</header><size>03</size><data>41 0D 5C</data>'
2025-05-11 22:52:59,330  root       handle_response DEBUG    Write: '7E8 03 41 0D 5C \r\r>'
2025-05-11 22:52:59,840  root       run             DEBUG    Received '010C'
2025-05-11 22:52:59,841  root       handle_request  DEBUG    Handling: '010C', header '7E0', ECU '7E0'
2025-05-11 22:52:59,841  root       handle_request  DEBUG    Description: Engine RPM, PID RPM (010C)
2025-05-11 22:52:59,842  root       handle_response DEBUG    Processing: '<header>7E8</header><size>04</size><data>41 0C 14 46</data>'
2025-05-11 22:52:59,842  root       handle_response DEBUG    Write: '7E8 04 41 0C 14 46 \r\r>'
2025-05-11 22:52:59,850  root       run             DEBUG    Received '010D'
2025-05-11 22:52:59,850  root       handle_request  DEBUG    Handling: '010D', header '7E0', ECU '7E0'
2025-05-11 22:52:59,851  root       handle_request  DEBUG    Description: Vehicle Speed, PID SPEED (010D)
2025-05-11 22:52:59,851  root       handle_response DEBUG    Processing: '<header>7E8</header><size>03</size><data>41 0D 1D</data>'
2025-05-11 22:52:59,851  root       handle_response DEBUG    Write: '7E8 03 41 0D 1D \r\r>'
2025-05-11 22:53:00,362  root       run             DEBUG    Received '010C'
2025-05-11 22:53:00,362  root       handle_request  DEBUG    Handling: '010C', header '7E0', ECU '7E0'
2025-05-11 22:53:00,362  root       handle_request  DEBUG    Description: Engine RPM, PID RPM (010C)
2025-05-11 22:53:00,362  root       handle_response DEBUG    Processing: '<header>7E8</header><size>04</size><data>41 0C 12 87</data>'
2025-05-11 22:53:00,363  root       handle_response DEBUG    Write: '7E8 04 41 0C 12 87 \r\r>'
2025-05-11 22:53:00,370  root       run             DEBUG    Received '010D'
2025-05-11 22:53:00,371  root       handle_request  DEBUG    Handling: '010D', header '7E0', ECU '7E0'
2025-05-11 22:53:00,371  root       handle_request  DEBUG    Description: Vehicle Speed, PID SPEED (010D)
2025-05-11 22:53:00,371  root       handle_response DEBUG    Processing: '<header>7E8</header><size>03</size><data>41 0D 72</data>'
2025-05-11 22:53:00,372  root       handle_response DEBUG    Write: '7E8 03 41 0D 72 \r\r>'
2025-05-11 22:53:00,881  root       run             DEBUG    Received '010C'
2025-05-11 22:53:00,881  root       handle_request  DEBUG    Handling: '010C', header '7E0', ECU '7E0'
2025-05-11 22:53:00,881  root       handle_request  DEBUG    Description: Engine RPM, PID RPM (010C)
2025-05-11 22:53:00,881  root       handle_response DEBUG    Processing: '<header>7E8</header><size>04</size><data>41 0C 3B 2E</data>'
2025-05-11 22:53:00,882  root       handle_response DEBUG    Write: '7E8 04 41 0C 3B 2E \r\r>'
2025-05-11 22:53:00,888  root       run             DEBUG    Received '010D'
2025-05-11 22:53:00,888  root       handle_request  DEBUG    Handling: '010D', header '7E0', ECU '7E0'
2025-05-11 22:53:00,888  root       handle_request  DEBUG    Description: Vehicle Speed, PID SPEED (010D)
2025-05-11 22:53:00,889  root       handle_response DEBUG    Processing: '<header>7E8</header><size>03</size><data>41 0D 48</data>'
2025-05-11 22:53:00,889  root       handle_response DEBUG    Write: '7E8 03 41 0D 48 \r\r>'
2025-05-11 22:53:01,398  root       run             DEBUG    Received '010C'
2025-05-11 22:53:01,399  root       handle_request  DEBUG    Handling: '010C', header '7E0', ECU '7E0'
2025-05-11 22:53:01,399  root       handle_request  DEBUG    Description: Engine RPM, PID RPM (010C)
2025-05-11 22:53:01,399  root       handle_response DEBUG    Processing: '<header>7E8</header><size>04</size><data>41 0C 15 2A</data>'
2025-05-11 22:53:01,400  root       handle_response DEBUG    Write: '7E8 04 41 0C 15 2A \r\r>'
2025-05-11 22:53:01,406  root       run             DEBUG    Received '010D'
2025-05-11 22:53:01,406  root       handle_request  DEBUG    Handling: '010D', header '7E0', ECU '7E0'
2025-05-11 22:53:01,406  root       handle_request  DEBUG    Description: Vehicle Speed, PID SPEED (010D)
2025-05-11 22:53:01,406  root       handle_response DEBUG    Processing: '<header>7E8</header><size>03</size><data>41 0D 20</data>'
2025-05-11 22:53:01,407  root       handle_response DEBUG    Write: '7E8 03 41 0D 20 \r\r>'
2025-05-11 22:53:01,916  root       run             DEBUG    Received '010C'
2025-05-11 22:53:01,917  root       handle_request  DEBUG    Handling: '010C', header '7E0', ECU '7E0'
2025-05-11 22:53:01,917  root       handle_request  DEBUG    Description: Engine RPM, PID RPM (010C)
2025-05-11 22:53:01,917  root       handle_response DEBUG    Processing: '<header>7E8</header><size>04</size><data>41 0C 09 F6</data>'
2025-05-11 22:53:01,917  root       handle_response DEBUG    Write: '7E8 04 41 0C 09 F6 \r\r>'
2025-05-11 22:53:01,924  root       run             DEBUG    Received '010D'
2025-05-11 22:53:01,925  root       handle_request  DEBUG    Handling: '010D', header '7E0', ECU '7E0'
2025-05-11 22:53:01,925  root       handle_request  DEBUG    Description: Vehicle Speed, PID SPEED (010D)
2025-05-11 22:53:01,926  root       handle_response DEBUG    Processing: '<header>7E8</header><size>03</size><data>41 0D 29</data>'
2025-05-11 22:53:01,926  root       handle_response DEBUG    Write: '7E8 03 41 0D 29 \r\r>'
2025-05-11 22:53:02,436  root       run             DEBUG    Received '010C'
2025-05-11 22:53:02,437  root       handle_request  DEBUG    Handling: '010C', header '7E0', ECU '7E0'
2025-05-11 22:53:02,437  root       handle_request  DEBUG    Description: Engine RPM, PID RPM (010C)
2025-05-11 22:53:02,437  root       handle_response DEBUG    Processing: '<header>7E8</header><size>04</size><data>41 0C 23 82</data>'
2025-05-11 22:53:02,438  root       handle_response DEBUG    Write: '7E8 04 41 0C 23 82 \r\r>'
2025-05-11 22:53:02,446  root       run             DEBUG    Received '010D'
2025-05-11 22:53:02,447  root       handle_request  DEBUG    Handling: '010D', header '7E0', ECU '7E0'
2025-05-11 22:53:02,447  root       handle_request  DEBUG    Description: Vehicle Speed, PID SPEED (010D)
2025-05-11 22:53:02,447  root       handle_response DEBUG    Processing: '<header>7E8</header><size>03</size><data>41 0D 0E</data>'
2025-05-11 22:53:02,447  root       handle_response DEBUG    Write: '7E8 03 41 0D 0E \r\r>'
2025-05-11 22:53:02,958  root       run             DEBUG    Received '010C'
2025-05-11 22:53:02,958  root       handle_request  DEBUG    Handling: '010C', header '7E0', ECU '7E0'
2025-05-11 22:53:02,959  root       handle_request  DEBUG    Description: Engine RPM, PID RPM (010C)
2025-05-11 22:53:02,959  root       handle_response DEBUG    Processing: '<header>7E8</header><size>04</size><data>41 0C 26 25</data>'
2025-05-11 22:53:02,959  root       handle_response DEBUG    Write: '7E8 04 41 0C 26 25 \r\r>'
2025-05-11 22:53:02,966  root       run             DEBUG    Received '010D'
2025-05-11 22:53:02,966  root       handle_request  DEBUG    Handling: '010D', header '7E0', ECU '7E0'
2025-05-11 22:53:02,966  root       handle_request  DEBUG    Description: Vehicle Speed, PID SPEED (010D)
2025-05-11 22:53:02,966  root       handle_response DEBUG    Processing: '<header>7E8</header><size>03</size><data>41 0D 0A</data>'
2025-05-11 22:53:02,966  root       handle_response DEBUG    Write: '7E8 03 41 0D 0A \r\r>'
2025-05-11 22:53:03,476  root       run             DEBUG    Received '010C'
2025-05-11 22:53:03,477  root       handle_request  DEBUG    Handling: '010C', header '7E0', ECU '7E0'
2025-05-11 22:53:03,477  root       handle_request  DEBUG    Description: Engine RPM, PID RPM (010C)
2025-05-11 22:53:03,477  root       handle_response DEBUG    Processing: '<header>7E8</header><size>04</size><data>41 0C 18 9F</data>'
2025-05-11 22:53:03,478  root       handle_response DEBUG    Write: '7E8 04 41 0C 18 9F \r\r>'
2025-05-11 22:53:03,484  root       run             DEBUG    Received '010D'
2025-05-11 22:53:03,485  root       handle_request  DEBUG    Handling: '010D', header '7E0', ECU '7E0'
2025-05-11 22:53:03,485  root       handle_request  DEBUG    Description: Vehicle Speed, PID SPEED (010D)
2025-05-11 22:53:03,486  root       handle_response DEBUG    Processing: '<header>7E8</header><size>03</size><data>41 0D 37</data>'
2025-05-11 22:53:03,486  root       handle_response DEBUG    Write: '7E8 03 41 0D 37 \r\r>'
2025-05-11 22:53:03,997  root       run             DEBUG    Received '010C'
2025-05-11 22:53:03,997  root       handle_request  DEBUG    Handling: '010C', header '7E0', ECU '7E0'
2025-05-11 22:53:03,998  root       handle_request  DEBUG    Description: Engine RPM, PID RPM (010C)
2025-05-11 22:53:03,998  root       handle_response DEBUG    Processing: '<header>7E8</header><size>04</size><data>41 0C 13 FB</data>'
2025-05-11 22:53:03,998  root       handle_response DEBUG    Write: '7E8 04 41 0C 13 FB \r\r>'
2025-05-11 22:53:04,005  root       run             DEBUG    Received '010D'
2025-05-11 22:53:04,006  root       handle_request  DEBUG    Handling: '010D', header '7E0', ECU '7E0'
2025-05-11 22:53:04,006  root       handle_request  DEBUG    Description: Vehicle Speed, PID SPEED (010D)
2025-05-11 22:53:04,006  root       handle_response DEBUG    Processing: '<header>7E8</header><size>03</size><data>41 0D 27</data>'
2025-05-11 22:53:04,006  root       handle_response DEBUG    Write: '7E8 03 41 0D 27 \r\r>'
2025-05-11 22:53:04,516  root       run             DEBUG    Received '010C'
2025-05-11 22:53:04,516  root       handle_request  DEBUG    Handling: '010C', header '7E0', ECU '7E0'
2025-05-11 22:53:04,517  root       handle_request  DEBUG    Description: Engine RPM, PID RPM (010C)
2025-05-11 22:53:04,517  root       handle_response DEBUG    Processing: '<header>7E8</header><size>04</size><data>41 0C 3F 7A</data>'
2025-05-11 22:53:04,517  root       handle_response DEBUG    Write: '7E8 04 41 0C 3F 7A \r\r>'
2025-05-11 22:53:04,524  root       run             DEBUG    Received '010D'
2025-05-11 22:53:04,525  root       handle_request  DEBUG    Handling: '010D', header '7E0', ECU '7E0'
2025-05-11 22:53:04,525  root       handle_request  DEBUG    Description: Vehicle Speed, PID SPEED (010D)
2025-05-11 22:53:04,525  root       handle_response DEBUG    Processing: '<header>7E8</header><size>03</size><data>41 0D 33</data>'
2025-05-11 22:53:04,526  root       handle_response DEBUG    Write: '7E8 03 41 0D 33 \r\r>'
2025-05-11 22:53:05,034  root       run             DEBUG    Received '010C'
2025-05-11 22:53:05,034  root       handle_request  DEBUG    Handling: '010C', header '7E0', ECU '7E0'
2025-05-11 22:53:05,034  root       handle_request  DEBUG    Description: Engine RPM, PID RPM (010C)
2025-05-11 22:53:05,034  root       handle_response DEBUG    Processing: '<header>7E8</header><size>04</size><data>41 0C 14 5F</data>'
2025-05-11 22:53:05,034  root       handle_response DEBUG    Write: '7E8 04 41 0C 14 5F \r\r>'
2025-05-11 22:53:05,037  root       run             DEBUG    Received '010D'
2025-05-11 22:53:05,037  root       handle_request  DEBUG    Handling: '010D', header '7E0', ECU '7E0'
2025-05-11 22:53:05,037  root       handle_request  DEBUG    Description: Vehicle Speed, PID SPEED (010D)
2025-05-11 22:53:05,037  root       handle_response DEBUG    Processing: '<header>7E8</header><size>03</size><data>41 0D 00</data>'
2025-05-11 22:53:05,037  root       handle_response DEBUG    Write: '7E8 03 41 0D 00 \r\r>'
2025-05-11 22:53:05,547  root       run             DEBUG    Received '010C'
2025-05-11 22:53:05,547  root       handle_request  DEBUG    Handling: '010C', header '7E0', ECU '7E0'
2025-05-11 22:53:05,548  root       handle_request  DEBUG    Description: Engine RPM, PID RPM (010C)
2025-05-11 22:53:05,548  root       handle_response DEBUG    Processing: '<header>7E8</header><size>04</size><data>41 0C 00 00</data>'
2025-05-11 22:53:05,549  root       handle_response DEBUG    Write: '7E8 04 41 0C 00 00 \r\r>'
2025-05-11 22:53:05,557  root       run             DEBUG    Received '010D'
2025-05-11 22:53:05,557  root       handle_request  DEBUG    Handling: '010D', header '7E0', ECU '7E0'
2025-05-11 22:53:05,558  root       handle_request  DEBUG    Description: Vehicle Speed, PID SPEED (010D)
2025-05-11 22:53:05,558  root       handle_response DEBUG    Processing: '<header>7E8</header><size>03</size><data>41 0D 44</data>'
2025-05-11 22:53:05,559  root       handle_response DEBUG    Write: '7E8 03 41 0D 44 \r\r>'
2025-05-11 22:53:06,066  root       run             DEBUG    Received '010C'
2025-05-11 22:53:06,066  root       handle_request  DEBUG    Handling: '010C', header '7E0', ECU '7E0'
2025-05-11 22:53:06,067  root       handle_request  DEBUG    Description: Engine RPM, PID RPM (010C)
2025-05-11 22:53:06,067  root       handle_response DEBUG    Processing: '<header>7E8</header><size>04</size><data>41 0C 41 C2</data>'
2025-05-11 22:53:06,067  root       handle_response DEBUG    Write: '7E8 04 41 0C 41 C2 \r\r>'
2025-05-11 22:53:06,071  root       run             DEBUG    Received '010D'
2025-05-11 22:53:06,071  root       handle_request  DEBUG    Handling: '010D', header '7E0', ECU '7E0'
2025-05-11 22:53:06,072  root       handle_request  DEBUG    Description: Vehicle Speed, PID SPEED (010D)
2025-05-11 22:53:06,072  root       handle_response DEBUG    Processing: '<header>7E8</header><size>03</size><data>41 0D 5C</data>'
2025-05-11 22:53:06,072  root       handle_response DEBUG    Write: '7E8 03 41 0D 5C \r\r>'
2025-05-11 22:53:06,581  root       run             DEBUG    Received '010C'
2025-05-11 22:53:06,581  root       handle_request  DEBUG    Handling: '010C', header '7E0', ECU '7E0'
2025-05-11 22:53:06,581  root       handle_request  DEBUG    Description: Engine RPM, PID RPM (010C)
2025-05-11 22:53:06,582  root       handle_response DEBUG    Processing: '<header>7E8</header><size>04</size><data>41 0C 35 CB</data>'
2025-05-11 22:53:06,582  root       handle_response DEBUG    Write: '7E8 04 41 0C 35 CB \r\r>'
2025-05-11 22:53:06,589  root       run             DEBUG    Received '010D'
2025-05-11 22:53:06,589  root       handle_request  DEBUG    Handling: '010D', header '7E0', ECU '7E0'
2025-05-11 22:53:06,590  root       handle_request  DEBUG    Description: Vehicle Speed, PID SPEED (010D)
2025-05-11 22:53:06,590  root       handle_response DEBUG    Processing: '<header>7E8</header><size>03</size><data>41 0D 1D</data>'
2025-05-11 22:53:06,591  root       handle_response DEBUG    Write: '7E8 03 41 0D 1D \r\r>'
2025-05-11 22:53:07,099  root       run             DEBUG    Received '010C'
2025-05-11 22:53:07,100  root       handle_request  DEBUG    Handling: '010C', header '7E0', ECU '7E0'
2025-05-11 22:53:07,100  root       handle_request  DEBUG    Description: Engine RPM, PID RPM (010C)
2025-05-11 22:53:07,101  root       handle_response DEBUG    Processing: '<header>7E8</header><size>04</size><data>41 0C 14 46</data>'
2025-05-11 22:53:07,101  root       handle_response DEBUG    Write: '7E8 04 41 0C 14 46 \r\r>'
2025-05-11 22:53:07,107  root       run             DEBUG    Received '010D'
2025-05-11 22:53:07,107  root       handle_request  DEBUG    Handling: '010D', header '7E0', ECU '7E0'
2025-05-11 22:53:07,108  root       handle_request  DEBUG    Description: Vehicle Speed, PID SPEED (010D)
2025-05-11 22:53:07,108  root       handle_response DEBUG    Processing: '<header>7E8</header><size>03</size><data>41 0D 72</data>'
2025-05-11 22:53:07,108  root       handle_response DEBUG    Write: '7E8 03 41 0D 72 \r\r>'
2025-05-11 22:53:07,643  root       run             DEBUG    Received '010C'
2025-05-11 22:53:07,644  root       handle_request  DEBUG    Handling: '010C', header '7E0', ECU '7E0'
2025-05-11 22:53:07,644  root       handle_request  DEBUG    Description: Engine RPM, PID RPM (010C)
2025-05-11 22:53:07,644  root       handle_response DEBUG    Processing: '<header>7E8</header><size>04</size><data>41 0C 12 87</data>'
2025-05-11 22:53:07,644  root       handle_response DEBUG    Write: '7E8 04 41 0C 12 87 \r\r>'
2025-05-11 22:53:07,647  root       run             DEBUG    Received '010D'
2025-05-11 22:53:07,647  root       handle_request  DEBUG    Handling: '010D', header '7E0', ECU '7E0'
2025-05-11 22:53:07,647  root       handle_request  DEBUG    Description: Vehicle Speed, PID SPEED (010D)
2025-05-11 22:53:07,647  root       handle_response DEBUG    Processing: '<header>7E8</header><size>03</size><data>41 0D 48</data>'
2025-05-11 22:53:07,648  root       handle_response DEBUG    Write: '7E8 03 41 0D 48 \r\r>'
2025-05-11 22:53:08,165  root       run             DEBUG    Received '010C'
2025-05-11 22:53:08,166  root       handle_request  DEBUG    Handling: '010C', header '7E0', ECU '7E0'
2025-05-11 22:53:08,166  root       handle_request  DEBUG    Description: Engine RPM, PID RPM (010C)
2025-05-11 22:53:08,166  root       handle_response DEBUG    Processing: '<header>7E8</header><size>04</size><data>41 0C 3B 2E</data>'
2025-05-11 22:53:08,166  root       handle_response DEBUG    Write: '7E8 04 41 0C 3B 2E \r\r>'
2025-05-11 22:53:08,174  root       run             DEBUG    Received '010D'
2025-05-11 22:53:08,175  root       handle_request  DEBUG    Handling: '010D', header '7E0', ECU '7E0'
2025-05-11 22:53:08,175  root       handle_request  DEBUG    Description: Vehicle Speed, PID SPEED (010D)
2025-05-11 22:53:08,175  root       handle_response DEBUG    Processing: '<header>7E8</header><size>03</size><data>41 0D 20</data>'
2025-05-11 22:53:08,175  root       handle_response DEBUG    Write: '7E8 03 41 0D 20 \r\r>'
2025-05-11 22:53:08,687  root       run             DEBUG    Received '010C'
2025-05-11 22:53:08,687  root       handle_request  DEBUG    Handling: '010C', header '7E0', ECU '7E0'
2025-05-11 22:53:08,688  root       handle_request  DEBUG    Description: Engine RPM, PID RPM (010C)
2025-05-11 22:53:08,688  root       handle_response DEBUG    Processing: '<header>7E8</header><size>04</size><data>41 0C 15 2A</data>'
2025-05-11 22:53:08,689  root       handle_response DEBUG    Write: '7E8 04 41 0C 15 2A \r\r>'
2025-05-11 22:53:08,696  root       run             DEBUG    Received '010D'
2025-05-11 22:53:08,696  root       handle_request  DEBUG    Handling: '010D', header '7E0', ECU '7E0'
2025-05-11 22:53:08,697  root       handle_request  DEBUG    Description: Vehicle Speed, PID SPEED (010D)
2025-05-11 22:53:08,697  root       handle_response DEBUG    Processing: '<header>7E8</header><size>03</size><data>41 0D 29</data>'
2025-05-11 22:53:08,698  root       handle_response DEBUG    Write: '7E8 03 41 0D 29 \r\r>'
2025-05-11 22:53:09,209  root       run             DEBUG    Received '010C'
2025-05-11 22:53:09,209  root       handle_request  DEBUG    Handling: '010C', header '7E0', ECU '7E0'
2025-05-11 22:53:09,210  root       handle_request  DEBUG    Description: Engine RPM, PID RPM (010C)
2025-05-11 22:53:09,210  root       handle_response DEBUG    Processing: '<header>7E8</header><size>04</size><data>41 0C 09 F6</data>'
2025-05-11 22:53:09,210  root       handle_response DEBUG    Write: '7E8 04 41 0C 09 F6 \r\r>'
2025-05-11 22:53:09,218  root       run             DEBUG    Received '010D'
2025-05-11 22:53:09,218  root       handle_request  DEBUG    Handling: '010D', header '7E0', ECU '7E0'
2025-05-11 22:53:09,218  root       handle_request  DEBUG    Description: Vehicle Speed, PID SPEED (010D)
2025-05-11 22:53:09,218  root       handle_response DEBUG    Processing: '<header>7E8</header><size>03</size><data>41 0D 0E</data>'
2025-05-11 22:53:09,218  root       handle_response DEBUG    Write: '7E8 03 41 0D 0E \r\r>'
2025-05-11 22:53:09,733  root       run             DEBUG    Received '010C'
2025-05-11 22:53:09,733  root       handle_request  DEBUG    Handling: '010C', header '7E0', ECU '7E0'
2025-05-11 22:53:09,734  root       handle_request  DEBUG    Description: Engine RPM, PID RPM (010C)
2025-05-11 22:53:09,734  root       handle_response DEBUG    Processing: '<header>7E8</header><size>04</size><data>41 0C 23 82</data>'
2025-05-11 22:53:09,735  root       handle_response DEBUG    Write: '7E8 04 41 0C 23 82 \r\r>'
2025-05-11 22:53:09,743  root       run             DEBUG    Received '010D'
2025-05-11 22:53:09,745  root       handle_request  DEBUG    Handling: '010D', header '7E0', ECU '7E0'
2025-05-11 22:53:09,745  root       handle_request  DEBUG    Description: Vehicle Speed, PID SPEED (010D)
2025-05-11 22:53:09,745  root       handle_response DEBUG    Processing: '<header>7E8</header><size>03</size><data>41 0D 0A</data>'
2025-05-11 22:53:09,745  root       handle_response DEBUG    Write: '7E8 03 41 0D 0A \r\r>'
2025-05-11 22:53:10,253  root       run             DEBUG    Received '010C'
2025-05-11 22:53:10,253  root       handle_request  DEBUG    Handling: '010C', header '7E0', ECU '7E0'
2025-05-11 22:53:10,254  root       handle_request  DEBUG    Description: Engine RPM, PID RPM (010C)
2025-05-11 22:53:10,254  root       handle_response DEBUG    Processing: '<header>7E8</header><size>04</size><data>41 0C 26 25</data>'
2025-05-11 22:53:10,255  root       handle_response DEBUG    Write: '7E8 04 41 0C 26 25 \r\r>'
2025-05-11 22:53:10,262  root       run             DEBUG    Received '010D'
2025-05-11 22:53:10,262  root       handle_request  DEBUG    Handling: '010D', header '7E0', ECU '7E0'
2025-05-11 22:53:10,263  root       handle_request  DEBUG    Description: Vehicle Speed, PID SPEED (010D)
2025-05-11 22:53:10,263  root       handle_response DEBUG    Processing: '<header>7E8</header><size>03</size><data>41 0D 37</data>'
2025-05-11 22:53:10,263  root       handle_response DEBUG    Write: '7E8 03 41 0D 37 \r\r>'
2025-05-11 22:53:10,771  root       run             DEBUG    Received '010C'
2025-05-11 22:53:10,772  root       handle_request  DEBUG    Handling: '010C', header '7E0', ECU '7E0'
2025-05-11 22:53:10,772  root       handle_request  DEBUG    Description: Engine RPM, PID RPM (010C)
2025-05-11 22:53:10,772  root       handle_response DEBUG    Processing: '<header>7E8</header><size>04</size><data>41 0C 18 9F</data>'
2025-05-11 22:53:10,772  root       handle_response DEBUG    Write: '7E8 04 41 0C 18 9F \r\r>'
2025-05-11 22:53:10,774  root       run             DEBUG    Received '010D'
2025-05-11 22:53:10,775  root       handle_request  DEBUG    Handling: '010D', header '7E0', ECU '7E0'
2025-05-11 22:53:10,775  root       handle_request  DEBUG    Description: Vehicle Speed, PID SPEED (010D)
2025-05-11 22:53:10,775  root       handle_response DEBUG    Processing: '<header>7E8</header><size>03</size><data>41 0D 27</data>'
2025-05-11 22:53:10,775  root       handle_response DEBUG    Write: '7E8 03 41 0D 27 \r\r>'
2025-05-11 22:53:11,281  root       run             DEBUG    Received '010C'
2025-05-11 22:53:11,281  root       handle_request  DEBUG    Handling: '010C', header '7E0', ECU '7E0'
2025-05-11 22:53:11,281  root       handle_request  DEBUG    Description: Engine RPM, PID RPM (010C)
2025-05-11 22:53:11,281  root       handle_response DEBUG    Processing: '<header>7E8</header><size>04</size><data>41 0C 13 FB</data>'
2025-05-11 22:53:11,281  root       handle_response DEBUG    Write: '7E8 04 41 0C 13 FB \r\r>'
2025-05-11 22:53:11,283  root       run             DEBUG    Received '010D'
2025-05-11 22:53:11,284  root       handle_request  DEBUG    Handling: '010D', header '7E0', ECU '7E0'
2025-05-11 22:53:11,284  root       handle_request  DEBUG    Description: Vehicle Speed, PID SPEED (010D)
2025-05-11 22:53:11,284  root       handle_response DEBUG    Processing: '<header>7E8</header><size>03</size><data>41 0D 33</data>'
2025-05-11 22:53:11,284  root       handle_response DEBUG    Write: '7E8 03 41 0D 33 \r\r>'
2025-05-11 22:53:11,791  root       run             DEBUG    Received '010C'
2025-05-11 22:53:11,791  root       handle_request  DEBUG    Handling: '010C', header '7E0', ECU '7E0'
2025-05-11 22:53:11,791  root       handle_request  DEBUG    Description: Engine RPM, PID RPM (010C)
2025-05-11 22:53:11,791  root       handle_response DEBUG    Processing: '<header>7E8</header><size>04</size><data>41 0C 3F 7A</data>'
2025-05-11 22:53:11,791  root       handle_response DEBUG    Write: '7E8 04 41 0C 3F 7A \r\r>'
2025-05-11 22:53:11,794  root       run             DEBUG    Received '010D'
2025-05-11 22:53:11,795  root       handle_request  DEBUG    Handling: '010D', header '7E0', ECU '7E0'
2025-05-11 22:53:11,795  root       handle_request  DEBUG    Description: Vehicle Speed, PID SPEED (010D)
2025-05-11 22:53:11,795  root       handle_response DEBUG    Processing: '<header>7E8</header><size>03</size><data>41 0D 00</data>'
2025-05-11 22:53:11,795  root       handle_response DEBUG    Write: '7E8 03 41 0D 00 \r\r>'
2025-05-11 22:53:12,301  root       run             DEBUG    Received '010C'
2025-05-11 22:53:12,301  root       handle_request  DEBUG    Handling: '010C', header '7E0', ECU '7E0'
2025-05-11 22:53:12,301  root       handle_request  DEBUG    Description: Engine RPM, PID RPM (010C)
2025-05-11 22:53:12,301  root       handle_response DEBUG    Processing: '<header>7E8</header><size>04</size><data>41 0C 14 5F</data>'
2025-05-11 22:53:12,301  root       handle_response DEBUG    Write: '7E8 04 41 0C 14 5F \r\r>'
2025-05-11 22:53:12,307  root       run             DEBUG    Received '010D'
2025-05-11 22:53:12,308  root       handle_request  DEBUG    Handling: '010D', header '7E0', ECU '7E0'
2025-05-11 22:53:12,308  root       handle_request  DEBUG    Description: Vehicle Speed, PID SPEED (010D)
2025-05-11 22:53:12,308  root       handle_response DEBUG    Processing: '<header>7E8</header><size>03</size><data>41 0D 44</data>'
2025-05-11 22:53:12,308  root       handle_response DEBUG    Write: '7E8 03 41 0D 44 \r\r>'
2025-05-11 22:53:12,816  root       run             DEBUG    Received '010C'
2025-05-11 22:53:12,816  root       handle_request  DEBUG    Handling: '010C', header '7E0', ECU '7E0'
2025-05-11 22:53:12,817  root       handle_request  DEBUG    Description: Engine RPM, PID RPM (010C)
2025-05-11 22:53:12,817  root       handle_response DEBUG    Processing: '<header>7E8</header><size>04</size><data>41 0C 00 00</data>'
2025-05-11 22:53:12,817  root       handle_response DEBUG    Write: '7E8 04 41 0C 00 00 \r\r>'
2025-05-11 22:53:12,825  root       run             DEBUG    Received '010D'
2025-05-11 22:53:12,825  root       handle_request  DEBUG    Handling: '010D', header '7E0', ECU '7E0'
2025-05-11 22:53:12,825  root       handle_request  DEBUG    Description: Vehicle Speed, PID SPEED (010D)
2025-05-11 22:53:12,825  root       handle_response DEBUG    Processing: '<header>7E8</header><size>03</size><data>41 0D 5C</data>'
2025-05-11 22:53:12,826  root       handle_response DEBUG    Write: '7E8 03 41 0D 5C \r\r>'
2025-05-11 22:53:13,335  root       run             DEBUG    Received '010C'
2025-05-11 22:53:13,335  root       handle_request  DEBUG    Handling: '010C', header '7E0', ECU '7E0'
2025-05-11 22:53:13,335  root       handle_request  DEBUG    Description: Engine RPM, PID RPM (010C)
2025-05-11 22:53:13,335  root       handle_response DEBUG    Processing: '<header>7E8</header><size>04</size><data>41 0C 41 C2</data>'
2025-05-11 22:53:13,336  root       handle_response DEBUG    Write: '7E8 04 41 0C 41 C2 \r\r>'
2025-05-11 22:53:13,340  root       run             DEBUG    Received '010D'
2025-05-11 22:53:13,340  root       handle_request  DEBUG    Handling: '010D', header '7E0', ECU '7E0'
2025-05-11 22:53:13,340  root       handle_request  DEBUG    Description: Vehicle Speed, PID SPEED (010D)
2025-05-11 22:53:13,340  root       handle_response DEBUG    Processing: '<header>7E8</header><size>03</size><data>41 0D 1D</data>'
2025-05-11 22:53:13,340  root       handle_response DEBUG    Write: '7E8 03 41 0D 1D \r\r>'
2025-05-11 22:53:13,848  root       run             DEBUG    Received '010C'
2025-05-11 22:53:13,848  root       handle_request  DEBUG    Handling: '010C', header '7E0', ECU '7E0'
2025-05-11 22:53:13,848  root       handle_request  DEBUG    Description: Engine RPM, PID RPM (010C)
2025-05-11 22:53:13,848  root       handle_response DEBUG    Processing: '<header>7E8</header><size>04</size><data>41 0C 35 CB</data>'
2025-05-11 22:53:13,848  root       handle_response DEBUG    Write: '7E8 04 41 0C 35 CB \r\r>'
2025-05-11 22:53:13,851  root       run             DEBUG    Received '010D'
2025-05-11 22:53:13,851  root       handle_request  DEBUG    Handling: '010D', header '7E0', ECU '7E0'
2025-05-11 22:53:13,851  root       handle_request  DEBUG    Description: Vehicle Speed, PID SPEED (010D)
2025-05-11 22:53:13,852  root       handle_response DEBUG    Processing: '<header>7E8</header><size>03</size><data>41 0D 72</data>'
2025-05-11 22:53:13,852  root       handle_response DEBUG    Write: '7E8 03 41 0D 72 \r\r>'
2025-05-11 22:53:14,359  root       run             DEBUG    Received '010C'
2025-05-11 22:53:14,359  root       handle_request  DEBUG    Handling: '010C', header '7E0', ECU '7E0'
2025-05-11 22:53:14,360  root       handle_request  DEBUG    Description: Engine RPM, PID RPM (010C)
2025-05-11 22:53:14,360  root       handle_response DEBUG    Processing: '<header>7E8</header><size>04</size><data>41 0C 14 46</data>'
2025-05-11 22:53:14,360  root       handle_response DEBUG    Write: '7E8 04 41 0C 14 46 \r\r>'
2025-05-11 22:53:14,366  root       run             DEBUG    Received '010D'
2025-05-11 22:53:14,367  root       handle_request  DEBUG    Handling: '010D', header '7E0', ECU '7E0'
2025-05-11 22:53:14,367  root       handle_request  DEBUG    Description: Vehicle Speed, PID SPEED (010D)
2025-05-11 22:53:14,367  root       handle_response DEBUG    Processing: '<header>7E8</header><size>03</size><data>41 0D 48</data>'
2025-05-11 22:53:14,367  root       handle_response DEBUG    Write: '7E8 03 41 0D 48 \r\r>'
2025-05-11 22:53:14,875  root       run             DEBUG    Received '010C'
2025-05-11 22:53:14,875  root       handle_request  DEBUG    Handling: '010C', header '7E0', ECU '7E0'
2025-05-11 22:53:14,876  root       handle_request  DEBUG    Description: Engine RPM, PID RPM (010C)
2025-05-11 22:53:14,876  root       handle_response DEBUG    Processing: '<header>7E8</header><size>04</size><data>41 0C 12 87</data>'
2025-05-11 22:53:14,876  root       handle_response DEBUG    Write: '7E8 04 41 0C 12 87 \r\r>'
2025-05-11 22:53:14,880  root       run             DEBUG    Received '010D'
2025-05-11 22:53:14,880  root       handle_request  DEBUG    Handling: '010D', header '7E0', ECU '7E0'
2025-05-11 22:53:14,880  root       handle_request  DEBUG    Description: Vehicle Speed, PID SPEED (010D)
2025-05-11 22:53:14,880  root       handle_response DEBUG    Processing: '<header>7E8</header><size>03</size><data>41 0D 20</data>'
2025-05-11 22:53:14,880  root       handle_response DEBUG    Write: '7E8 03 41 0D 20 \r\r>'
2025-05-11 22:53:15,386  root       run             DEBUG    Received '010C'
2025-05-11 22:53:15,386  root       handle_request  DEBUG    Handling: '010C', header '7E0', ECU '7E0'
2025-05-11 22:53:15,386  root       handle_request  DEBUG    Description: Engine RPM, PID RPM (010C)
2025-05-11 22:53:15,386  root       handle_response DEBUG    Processing: '<header>7E8</header><size>04</size><data>41 0C 3B 2E</data>'
2025-05-11 22:53:15,386  root       handle_response DEBUG    Write: '7E8 04 41 0C 3B 2E \r\r>'
2025-05-11 22:53:15,392  root       run             DEBUG    Received '010D'
2025-05-11 22:53:15,393  root       handle_request  DEBUG    Handling: '010D', header '7E0', ECU '7E0'
2025-05-11 22:53:15,394  root       handle_request  DEBUG    Description: Vehicle Speed, PID SPEED (010D)
2025-05-11 22:53:15,396  root       handle_response DEBUG    Processing: '<header>7E8</header><size>03</size><data>41 0D 29</data>'
2025-05-11 22:53:15,397  root       handle_response DEBUG    Write: '7E8 03 41 0D 29 \r\r>'
2025-05-11 22:53:15,907  root       run             DEBUG    Received '010C'
2025-05-11 22:53:15,908  root       handle_request  DEBUG    Handling: '010C', header '7E0', ECU '7E0'
2025-05-11 22:53:15,908  root       handle_request  DEBUG    Description: Engine RPM, PID RPM (010C)
2025-05-11 22:53:15,908  root       handle_response DEBUG    Processing: '<header>7E8</header><size>04</size><data>41 0C 15 2A</data>'
2025-05-11 22:53:15,908  root       handle_response DEBUG    Write: '7E8 04 41 0C 15 2A \r\r>'
2025-05-11 22:53:15,915  root       run             DEBUG    Received '010D'
2025-05-11 22:53:15,915  root       handle_request  DEBUG    Handling: '010D', header '7E0', ECU '7E0'
2025-05-11 22:53:15,915  root       handle_request  DEBUG    Description: Vehicle Speed, PID SPEED (010D)
2025-05-11 22:53:15,916  root       handle_response DEBUG    Processing: '<header>7E8</header><size>03</size><data>41 0D 0E</data>'
2025-05-11 22:53:15,916  root       handle_response DEBUG    Write: '7E8 03 41 0D 0E \r\r>'
2025-05-11 22:53:16,424  root       run             DEBUG    Received '010C'
2025-05-11 22:53:16,424  root       handle_request  DEBUG    Handling: '010C', header '7E0', ECU '7E0'
2025-05-11 22:53:16,424  root       handle_request  DEBUG    Description: Engine RPM, PID RPM (010C)
2025-05-11 22:53:16,424  root       handle_response DEBUG    Processing: '<header>7E8</header><size>04</size><data>41 0C 09 F6</data>'
2025-05-11 22:53:16,424  root       handle_response DEBUG    Write: '7E8 04 41 0C 09 F6 \r\r>'
2025-05-11 22:53:16,430  root       run             DEBUG    Received '010D'
2025-05-11 22:53:16,431  root       handle_request  DEBUG    Handling: '010D', header '7E0', ECU '7E0'
2025-05-11 22:53:16,431  root       handle_request  DEBUG    Description: Vehicle Speed, PID SPEED (010D)
2025-05-11 22:53:16,431  root       handle_response DEBUG    Processing: '<header>7E8</header><size>03</size><data>41 0D 0A</data>'
2025-05-11 22:53:16,431  root       handle_response DEBUG    Write: '7E8 03 41 0D 0A \r\r>'
2025-05-11 22:53:16,938  root       run             DEBUG    Received '010C'
2025-05-11 22:53:16,938  root       handle_request  DEBUG    Handling: '010C', header '7E0', ECU '7E0'
2025-05-11 22:53:16,939  root       handle_request  DEBUG    Description: Engine RPM, PID RPM (010C)
2025-05-11 22:53:16,939  root       handle_response DEBUG    Processing: '<header>7E8</header><size>04</size><data>41 0C 23 82</data>'
2025-05-11 22:53:16,939  root       handle_response DEBUG    Write: '7E8 04 41 0C 23 82 \r\r>'
2025-05-11 22:53:16,943  root       run             DEBUG    Received '010D'
2025-05-11 22:53:16,943  root       handle_request  DEBUG    Handling: '010D', header '7E0', ECU '7E0'
2025-05-11 22:53:16,944  root       handle_request  DEBUG    Description: Vehicle Speed, PID SPEED (010D)
2025-05-11 22:53:16,944  root       handle_response DEBUG    Processing: '<header>7E8</header><size>03</size><data>41 0D 37</data>'
2025-05-11 22:53:16,944  root       handle_response DEBUG    Write: '7E8 03 41 0D 37 \r\r>'
2025-05-11 22:53:17,451  root       run             DEBUG    Received '010C'
2025-05-11 22:53:17,451  root       handle_request  DEBUG    Handling: '010C', header '7E0', ECU '7E0'
2025-05-11 22:53:17,451  root       handle_request  DEBUG    Description: Engine RPM, PID RPM (010C)
2025-05-11 22:53:17,452  root       handle_response DEBUG    Processing: '<header>7E8</header><size>04</size><data>41 0C 26 25</data>'
2025-05-11 22:53:17,452  root       handle_response DEBUG    Write: '7E8 04 41 0C 26 25 \r\r>'
2025-05-11 22:53:17,454  root       run             DEBUG    Received '010D'
2025-05-11 22:53:17,454  root       handle_request  DEBUG    Handling: '010D', header '7E0', ECU '7E0'
2025-05-11 22:53:17,454  root       handle_request  DEBUG    Description: Vehicle Speed, PID SPEED (010D)
2025-05-11 22:53:17,454  root       handle_response DEBUG    Processing: '<header>7E8</header><size>03</size><data>41 0D 27</data>'
2025-05-11 22:53:17,455  root       handle_response DEBUG    Write: '7E8 03 41 0D 27 \r\r>'
2025-05-11 22:53:17,962  root       run             DEBUG    Received '010C'
2025-05-11 22:53:17,962  root       handle_request  DEBUG    Handling: '010C', header '7E0', ECU '7E0'
2025-05-11 22:53:17,962  root       handle_request  DEBUG    Description: Engine RPM, PID RPM (010C)
2025-05-11 22:53:17,962  root       handle_response DEBUG    Processing: '<header>7E8</header><size>04</size><data>41 0C 18 9F</data>'
2025-05-11 22:53:17,962  root       handle_response DEBUG    Write: '7E8 04 41 0C 18 9F \r\r>'
2025-05-11 22:53:17,965  root       run             DEBUG    Received '010D'
2025-05-11 22:53:17,966  root       handle_request  DEBUG    Handling: '010D', header '7E0', ECU '7E0'
2025-05-11 22:53:17,966  root       handle_request  DEBUG    Description: Vehicle Speed, PID SPEED (010D)
2025-05-11 22:53:17,966  root       handle_response DEBUG    Processing: '<header>7E8</header><size>03</size><data>41 0D 33</data>'
2025-05-11 22:53:17,966  root       handle_response DEBUG    Write: '7E8 03 41 0D 33 \r\r>'
2025-05-11 22:53:18,473  root       run             DEBUG    Received '010C'
2025-05-11 22:53:18,474  root       handle_request  DEBUG    Handling: '010C', header '7E0', ECU '7E0'
2025-05-11 22:53:18,474  root       handle_request  DEBUG    Description: Engine RPM, PID RPM (010C)
2025-05-11 22:53:18,474  root       handle_response DEBUG    Processing: '<header>7E8</header><size>04</size><data>41 0C 13 FB</data>'
2025-05-11 22:53:18,474  root       handle_response DEBUG    Write: '7E8 04 41 0C 13 FB \r\r>'
2025-05-11 22:53:18,481  root       run             DEBUG    Received '010D'
2025-05-11 22:53:18,482  root       handle_request  DEBUG    Handling: '010D', header '7E0', ECU '7E0'
2025-05-11 22:53:18,482  root       handle_request  DEBUG    Description: Vehicle Speed, PID SPEED (010D)
2025-05-11 22:53:18,482  root       handle_response DEBUG    Processing: '<header>7E8</header><size>03</size><data>41 0D 00</data>'
2025-05-11 22:53:18,482  root       handle_response DEBUG    Write: '7E8 03 41 0D 00 \r\r>'
2025-05-11 22:53:18,991  root       run             DEBUG    Received '010C'
2025-05-11 22:53:18,991  root       handle_request  DEBUG    Handling: '010C', header '7E0', ECU '7E0'
2025-05-11 22:53:18,991  root       handle_request  DEBUG    Description: Engine RPM, PID RPM (010C)
2025-05-11 22:53:18,992  root       handle_response DEBUG    Processing: '<header>7E8</header><size>04</size><data>41 0C 3F 7A</data>'
2025-05-11 22:53:18,992  root       handle_response DEBUG    Write: '7E8 04 41 0C 3F 7A \r\r>'
2025-05-11 22:53:18,997  root       run             DEBUG    Received '010D'
2025-05-11 22:53:18,997  root       handle_request  DEBUG    Handling: '010D', header '7E0', ECU '7E0'
2025-05-11 22:53:18,997  root       handle_request  DEBUG    Description: Vehicle Speed, PID SPEED (010D)
2025-05-11 22:53:18,998  root       handle_response DEBUG    Processing: '<header>7E8</header><size>03</size><data>41 0D 44</data>'
2025-05-11 22:53:18,998  root       handle_response DEBUG    Write: '7E8 03 41 0D 44 \r\r>'
2025-05-11 22:53:19,505  root       run             DEBUG    Received '010C'
2025-05-11 22:53:19,505  root       handle_request  DEBUG    Handling: '010C', header '7E0', ECU '7E0'
2025-05-11 22:53:19,506  root       handle_request  DEBUG    Description: Engine RPM, PID RPM (010C)
2025-05-11 22:53:19,506  root       handle_response DEBUG    Processing: '<header>7E8</header><size>04</size><data>41 0C 14 5F</data>'
2025-05-11 22:53:19,506  root       handle_response DEBUG    Write: '7E8 04 41 0C 14 5F \r\r>'
2025-05-11 22:53:19,513  root       run             DEBUG    Received '010D'
2025-05-11 22:53:19,513  root       handle_request  DEBUG    Handling: '010D', header '7E0', ECU '7E0'
2025-05-11 22:53:19,513  root       handle_request  DEBUG    Description: Vehicle Speed, PID SPEED (010D)
2025-05-11 22:53:19,513  root       handle_response DEBUG    Processing: '<header>7E8</header><size>03</size><data>41 0D 5C</data>'
2025-05-11 22:53:19,513  root       handle_response DEBUG    Write: '7E8 03 41 0D 5C \r\r>'
2025-05-11 22:53:20,022  root       run             DEBUG    Received '010C'
2025-05-11 22:53:20,022  root       handle_request  DEBUG    Handling: '010C', header '7E0', ECU '7E0'
2025-05-11 22:53:20,022  root       handle_request  DEBUG    Description: Engine RPM, PID RPM (010C)
2025-05-11 22:53:20,022  root       handle_response DEBUG    Processing: '<header>7E8</header><size>04</size><data>41 0C 00 00</data>'
2025-05-11 22:53:20,022  root       handle_response DEBUG    Write: '7E8 04 41 0C 00 00 \r\r>'
2025-05-11 22:53:20,028  root       run             DEBUG    Received '010D'
2025-05-11 22:53:20,029  root       handle_request  DEBUG    Handling: '010D', header '7E0', ECU '7E0'
2025-05-11 22:53:20,029  root       handle_request  DEBUG    Description: Vehicle Speed, PID SPEED (010D)
2025-05-11 22:53:20,029  root       handle_response DEBUG    Processing: '<header>7E8</header><size>03</size><data>41 0D 1D</data>'
2025-05-11 22:53:20,030  root       handle_response DEBUG    Write: '7E8 03 41 0D 1D \r\r>'
2025-05-11 22:53:20,538  root       run             DEBUG    Received '010C'
2025-05-11 22:53:20,538  root       handle_request  DEBUG    Handling: '010C', header '7E0', ECU '7E0'
2025-05-11 22:53:20,538  root       handle_request  DEBUG    Description: Engine RPM, PID RPM (010C)
2025-05-11 22:53:20,538  root       handle_response DEBUG    Processing: '<header>7E8</header><size>04</size><data>41 0C 41 C2</data>'
2025-05-11 22:53:20,538  root       handle_response DEBUG    Write: '7E8 04 41 0C 41 C2 \r\r>'
2025-05-11 22:53:20,542  root       run             DEBUG    Received '010D'
2025-05-11 22:53:20,542  root       handle_request  DEBUG    Handling: '010D', header '7E0', ECU '7E0'
2025-05-11 22:53:20,542  root       handle_request  DEBUG    Description: Vehicle Speed, PID SPEED (010D)
2025-05-11 22:53:20,542  root       handle_response DEBUG    Processing: '<header>7E8</header><size>03</size><data>41 0D 72</data>'
2025-05-11 22:53:20,543  root       handle_response DEBUG    Write: '7E8 03 41 0D 72 \r\r>'
2025-05-11 22:53:21,049  root       run             DEBUG    Received '010C'
2025-05-11 22:53:21,050  root       handle_request  DEBUG    Handling: '010C', header '7E0', ECU '7E0'
2025-05-11 22:53:21,050  root       handle_request  DEBUG    Description: Engine RPM, PID RPM (010C)
2025-05-11 22:53:21,050  root       handle_response DEBUG    Processing: '<header>7E8</header><size>04</size><data>41 0C 35 CB</data>'
2025-05-11 22:53:21,051  root       handle_response DEBUG    Write: '7E8 04 41 0C 35 CB \r\r>'
2025-05-11 22:53:21,056  root       run             DEBUG    Received '010D'
2025-05-11 22:53:21,056  root       handle_request  DEBUG    Handling: '010D', header '7E0', ECU '7E0'
2025-05-11 22:53:21,056  root       handle_request  DEBUG    Description: Vehicle Speed, PID SPEED (010D)
2025-05-11 22:53:21,056  root       handle_response DEBUG    Processing: '<header>7E8</header><size>03</size><data>41 0D 48</data>'
2025-05-11 22:53:21,056  root       handle_response DEBUG    Write: '7E8 03 41 0D 48 \r\r>'
2025-05-11 22:53:21,564  root       run             DEBUG    Received '010C'
2025-05-11 22:53:21,564  root       handle_request  DEBUG    Handling: '010C', header '7E0', ECU '7E0'
2025-05-11 22:53:21,565  root       handle_request  DEBUG    Description: Engine RPM, PID RPM (010C)
2025-05-11 22:53:21,565  root       handle_response DEBUG    Processing: '<header>7E8</header><size>04</size><data>41 0C 14 46</data>'
2025-05-11 22:53:21,565  root       handle_response DEBUG    Write: '7E8 04 41 0C 14 46 \r\r>'
2025-05-11 22:53:21,568  root       run             DEBUG    Received '010D'
2025-05-11 22:53:21,568  root       handle_request  DEBUG    Handling: '010D', header '7E0', ECU '7E0'
2025-05-11 22:53:21,568  root       handle_request  DEBUG    Description: Vehicle Speed, PID SPEED (010D)
2025-05-11 22:53:21,569  root       handle_response DEBUG    Processing: '<header>7E8</header><size>03</size><data>41 0D 20</data>'
2025-05-11 22:53:21,569  root       handle_response DEBUG    Write: '7E8 03 41 0D 20 \r\r>'
2025-05-11 22:53:22,075  root       run             DEBUG    Received '010C'
2025-05-11 22:53:22,075  root       handle_request  DEBUG    Handling: '010C', header '7E0', ECU '7E0'
2025-05-11 22:53:22,075  root       handle_request  DEBUG    Description: Engine RPM, PID RPM (010C)
2025-05-11 22:53:22,075  root       handle_response DEBUG    Processing: '<header>7E8</header><size>04</size><data>41 0C 12 87</data>'
2025-05-11 22:53:22,075  root       handle_response DEBUG    Write: '7E8 04 41 0C 12 87 \r\r>'
2025-05-11 22:53:22,079  root       run             DEBUG    Received '010D'
2025-05-11 22:53:22,079  root       handle_request  DEBUG    Handling: '010D', header '7E0', ECU '7E0'
2025-05-11 22:53:22,079  root       handle_request  DEBUG    Description: Vehicle Speed, PID SPEED (010D)
2025-05-11 22:53:22,079  root       handle_response DEBUG    Processing: '<header>7E8</header><size>03</size><data>41 0D 29</data>'
2025-05-11 22:53:22,079  root       handle_response DEBUG    Write: '7E8 03 41 0D 29 \r\r>'
2025-05-11 22:53:22,588  root       run             DEBUG    Received '010C'
2025-05-11 22:53:22,589  root       handle_request  DEBUG    Handling: '010C', header '7E0', ECU '7E0'
2025-05-11 22:53:22,589  root       handle_request  DEBUG    Description: Engine RPM, PID RPM (010C)
2025-05-11 22:53:22,589  root       handle_response DEBUG    Processing: '<header>7E8</header><size>04</size><data>41 0C 3B 2E</data>'
2025-05-11 22:53:22,590  root       handle_response DEBUG    Write: '7E8 04 41 0C 3B 2E \r\r>'
2025-05-11 22:53:22,594  root       run             DEBUG    Received '010D'
2025-05-11 22:53:22,595  root       handle_request  DEBUG    Handling: '010D', header '7E0', ECU '7E0'
2025-05-11 22:53:22,595  root       handle_request  DEBUG    Description: Vehicle Speed, PID SPEED (010D)
2025-05-11 22:53:22,595  root       handle_response DEBUG    Processing: '<header>7E8</header><size>03</size><data>41 0D 0E</data>'
2025-05-11 22:53:22,595  root       handle_response DEBUG    Write: '7E8 03 41 0D 0E \r\r>'
2025-05-11 22:53:23,106  root       run             DEBUG    Received '010C'
2025-05-11 22:53:23,106  root       handle_request  DEBUG    Handling: '010C', header '7E0', ECU '7E0'
2025-05-11 22:53:23,106  root       handle_request  DEBUG    Description: Engine RPM, PID RPM (010C)
2025-05-11 22:53:23,106  root       handle_response DEBUG    Processing: '<header>7E8</header><size>04</size><data>41 0C 15 2A</data>'
2025-05-11 22:53:23,106  root       handle_response DEBUG    Write: '7E8 04 41 0C 15 2A \r\r>'
2025-05-11 22:53:23,109  root       run             DEBUG    Received '010D'
2025-05-11 22:53:23,109  root       handle_request  DEBUG    Handling: '010D', header '7E0', ECU '7E0'
2025-05-11 22:53:23,109  root       handle_request  DEBUG    Description: Vehicle Speed, PID SPEED (010D)
2025-05-11 22:53:23,109  root       handle_response DEBUG    Processing: '<header>7E8</header><size>03</size><data>41 0D 0A</data>'
2025-05-11 22:53:23,109  root       handle_response DEBUG    Write: '7E8 03 41 0D 0A \r\r>'
2025-05-11 22:53:23,617  root       run             DEBUG    Received '010C'
2025-05-11 22:53:23,618  root       handle_request  DEBUG    Handling: '010C', header '7E0', ECU '7E0'
2025-05-11 22:53:23,618  root       handle_request  DEBUG    Description: Engine RPM, PID RPM (010C)
2025-05-11 22:53:23,618  root       handle_response DEBUG    Processing: '<header>7E8</header><size>04</size><data>41 0C 09 F6</data>'
2025-05-11 22:53:23,619  root       handle_response DEBUG    Write: '7E8 04 41 0C 09 F6 \r\r>'
2025-05-11 22:53:23,624  root       run             DEBUG    Received '010D'
2025-05-11 22:53:23,624  root       handle_request  DEBUG    Handling: '010D', header '7E0', ECU '7E0'
2025-05-11 22:53:23,624  root       handle_request  DEBUG    Description: Vehicle Speed, PID SPEED (010D)
2025-05-11 22:53:23,624  root       handle_response DEBUG    Processing: '<header>7E8</header><size>03</size><data>41 0D 37</data>'
2025-05-11 22:53:23,625  root       handle_response DEBUG    Write: '7E8 03 41 0D 37 \r\r>'
2025-05-11 22:53:24,132  root       run             DEBUG    Received '010C'
2025-05-11 22:53:24,132  root       handle_request  DEBUG    Handling: '010C', header '7E0', ECU '7E0'
2025-05-11 22:53:24,132  root       handle_request  DEBUG    Description: Engine RPM, PID RPM (010C)
2025-05-11 22:53:24,133  root       handle_response DEBUG    Processing: '<header>7E8</header><size>04</size><data>41 0C 23 82</data>'
2025-05-11 22:53:24,133  root       handle_response DEBUG    Write: '7E8 04 41 0C 23 82 \r\r>'
2025-05-11 22:53:24,140  root       run             DEBUG    Received '010D'
2025-05-11 22:53:24,141  root       handle_request  DEBUG    Handling: '010D', header '7E0', ECU '7E0'
2025-05-11 22:53:24,141  root       handle_request  DEBUG    Description: Vehicle Speed, PID SPEED (010D)
2025-05-11 22:53:24,141  root       handle_response DEBUG    Processing: '<header>7E8</header><size>03</size><data>41 0D 27</data>'
2025-05-11 22:53:24,142  root       handle_response DEBUG    Write: '7E8 03 41 0D 27 \r\r>'
2025-05-11 22:53:24,650  root       run             DEBUG    Received '010C'
2025-05-11 22:53:24,651  root       handle_request  DEBUG    Handling: '010C', header '7E0', ECU '7E0'
2025-05-11 22:53:24,651  root       handle_request  DEBUG    Description: Engine RPM, PID RPM (010C)
2025-05-11 22:53:24,651  root       handle_response DEBUG    Processing: '<header>7E8</header><size>04</size><data>41 0C 26 25</data>'
2025-05-11 22:53:24,651  root       handle_response DEBUG    Write: '7E8 04 41 0C 26 25 \r\r>'
2025-05-11 22:53:24,655  root       run             DEBUG    Received '010D'
2025-05-11 22:53:24,655  root       handle_request  DEBUG    Handling: '010D', header '7E0', ECU '7E0'
2025-05-11 22:53:24,655  root       handle_request  DEBUG    Description: Vehicle Speed, PID SPEED (010D)
2025-05-11 22:53:24,655  root       handle_response DEBUG    Processing: '<header>7E8</header><size>03</size><data>41 0D 33</data>'
2025-05-11 22:53:24,656  root       handle_response DEBUG    Write: '7E8 03 41 0D 33 \r\r>'
2025-05-11 22:53:25,165  root       run             DEBUG    Received '010C'
2025-05-11 22:53:25,165  root       handle_request  DEBUG    Handling: '010C', header '7E0', ECU '7E0'
2025-05-11 22:53:25,165  root       handle_request  DEBUG    Description: Engine RPM, PID RPM (010C)
2025-05-11 22:53:25,165  root       handle_response DEBUG    Processing: '<header>7E8</header><size>04</size><data>41 0C 18 9F</data>'
2025-05-11 22:53:25,165  root       handle_response DEBUG    Write: '7E8 04 41 0C 18 9F \r\r>'
2025-05-11 22:53:25,167  root       run             DEBUG    Received '010D'
2025-05-11 22:53:25,168  root       handle_request  DEBUG    Handling: '010D', header '7E0', ECU '7E0'
2025-05-11 22:53:25,168  root       handle_request  DEBUG    Description: Vehicle Speed, PID SPEED (010D)
2025-05-11 22:53:25,168  root       handle_response DEBUG    Processing: '<header>7E8</header><size>03</size><data>41 0D 00</data>'
2025-05-11 22:53:25,168  root       handle_response DEBUG    Write: '7E8 03 41 0D 00 \r\r>'
2025-05-11 22:53:25,674  root       run             DEBUG    Received '010C'
2025-05-11 22:53:25,674  root       handle_request  DEBUG    Handling: '010C', header '7E0', ECU '7E0'
2025-05-11 22:53:25,674  root       handle_request  DEBUG    Description: Engine RPM, PID RPM (010C)
2025-05-11 22:53:25,674  root       handle_response DEBUG    Processing: '<header>7E8</header><size>04</size><data>41 0C 13 FB</data>'
2025-05-11 22:53:25,674  root       handle_response DEBUG    Write: '7E8 04 41 0C 13 FB \r\r>'
2025-05-11 22:53:25,677  root       run             DEBUG    Received '010D'
2025-05-11 22:53:25,677  root       handle_request  DEBUG    Handling: '010D', header '7E0', ECU '7E0'
2025-05-11 22:53:25,677  root       handle_request  DEBUG    Description: Vehicle Speed, PID SPEED (010D)
2025-05-11 22:53:25,677  root       handle_response DEBUG    Processing: '<header>7E8</header><size>03</size><data>41 0D 44</data>'
2025-05-11 22:53:25,677  root       handle_response DEBUG    Write: '7E8 03 41 0D 44 \r\r>'
2025-05-11 22:53:26,183  root       run             DEBUG    Received '010C'
2025-05-11 22:53:26,183  root       handle_request  DEBUG    Handling: '010C', header '7E0', ECU '7E0'
2025-05-11 22:53:26,183  root       handle_request  DEBUG    Description: Engine RPM, PID RPM (010C)
2025-05-11 22:53:26,183  root       handle_response DEBUG    Processing: '<header>7E8</header><size>04</size><data>41 0C 3F 7A</data>'
2025-05-11 22:53:26,183  root       handle_response DEBUG    Write: '7E8 04 41 0C 3F 7A \r\r>'
2025-05-11 22:53:26,186  root       run             DEBUG    Received '010D'
2025-05-11 22:53:26,186  root       handle_request  DEBUG    Handling: '010D', header '7E0', ECU '7E0'
2025-05-11 22:53:26,186  root       handle_request  DEBUG    Description: Vehicle Speed, PID SPEED (010D)
2025-05-11 22:53:26,186  root       handle_response DEBUG    Processing: '<header>7E8</header><size>03</size><data>41 0D 5C</data>'
2025-05-11 22:53:26,186  root       handle_response DEBUG    Write: '7E8 03 41 0D 5C \r\r>'
2025-05-11 22:53:26,696  root       run             DEBUG    Received '010C'
2025-05-11 22:53:26,696  root       handle_request  DEBUG    Handling: '010C', header '7E0', ECU '7E0'
2025-05-11 22:53:26,696  root       handle_request  DEBUG    Description: Engine RPM, PID RPM (010C)
2025-05-11 22:53:26,697  root       handle_response DEBUG    Processing: '<header>7E8</header><size>04</size><data>41 0C 14 5F</data>'
2025-05-11 22:53:26,697  root       handle_response DEBUG    Write: '7E8 04 41 0C 14 5F \r\r>'
2025-05-11 22:53:26,703  root       run             DEBUG    Received '010D'
2025-05-11 22:53:26,703  root       handle_request  DEBUG    Handling: '010D', header '7E0', ECU '7E0'
2025-05-11 22:53:26,703  root       handle_request  DEBUG    Description: Vehicle Speed, PID SPEED (010D)
2025-05-11 22:53:26,704  root       handle_response DEBUG    Processing: '<header>7E8</header><size>03</size><data>41 0D 1D</data>'
2025-05-11 22:53:26,704  root       handle_response DEBUG    Write: '7E8 03 41 0D 1D \r\r>'
2025-05-11 22:53:27,212  root       run             DEBUG    Received '010C'
2025-05-11 22:53:27,213  root       handle_request  DEBUG    Handling: '010C', header '7E0', ECU '7E0'
2025-05-11 22:53:27,213  root       handle_request  DEBUG    Description: Engine RPM, PID RPM (010C)
2025-05-11 22:53:27,214  root       handle_response DEBUG    Processing: '<header>7E8</header><size>04</size><data>41 0C 00 00</data>'
2025-05-11 22:53:27,215  root       handle_response DEBUG    Write: '7E8 04 41 0C 00 00 \r\r>'
2025-05-11 22:53:27,221  root       run             DEBUG    Received '010D'
2025-05-11 22:53:27,221  root       handle_request  DEBUG    Handling: '010D', header '7E0', ECU '7E0'
2025-05-11 22:53:27,222  root       handle_request  DEBUG    Description: Vehicle Speed, PID SPEED (010D)
2025-05-11 22:53:27,222  root       handle_response DEBUG    Processing: '<header>7E8</header><size>03</size><data>41 0D 72</data>'
2025-05-11 22:53:27,222  root       handle_response DEBUG    Write: '7E8 03 41 0D 72 \r\r>'
2025-05-11 22:53:27,730  root       run             DEBUG    Received '010C'
2025-05-11 22:53:27,730  root       handle_request  DEBUG    Handling: '010C', header '7E0', ECU '7E0'
2025-05-11 22:53:27,730  root       handle_request  DEBUG    Description: Engine RPM, PID RPM (010C)
2025-05-11 22:53:27,730  root       handle_response DEBUG    Processing: '<header>7E8</header><size>04</size><data>41 0C 41 C2</data>'
2025-05-11 22:53:27,730  root       handle_response DEBUG    Write: '7E8 04 41 0C 41 C2 \r\r>'
2025-05-11 22:53:27,733  root       run             DEBUG    Received '010D'
2025-05-11 22:53:27,733  root       handle_request  DEBUG    Handling: '010D', header '7E0', ECU '7E0'
2025-05-11 22:53:27,733  root       handle_request  DEBUG    Description: Vehicle Speed, PID SPEED (010D)
2025-05-11 22:53:27,733  root       handle_response DEBUG    Processing: '<header>7E8</header><size>03</size><data>41 0D 48</data>'
2025-05-11 22:53:27,733  root       handle_response DEBUG    Write: '7E8 03 41 0D 48 \r\r>'
2025-05-11 22:53:28,239  root       run             DEBUG    Received '010C'
2025-05-11 22:53:28,239  root       handle_request  DEBUG    Handling: '010C', header '7E0', ECU '7E0'
2025-05-11 22:53:28,239  root       handle_request  DEBUG    Description: Engine RPM, PID RPM (010C)
2025-05-11 22:53:28,239  root       handle_response DEBUG    Processing: '<header>7E8</header><size>04</size><data>41 0C 35 CB</data>'
2025-05-11 22:53:28,239  root       handle_response DEBUG    Write: '7E8 04 41 0C 35 CB \r\r>'
2025-05-11 22:53:28,242  root       run             DEBUG    Received '010D'
2025-05-11 22:53:28,243  root       handle_request  DEBUG    Handling: '010D', header '7E0', ECU '7E0'
2025-05-11 22:53:28,243  root       handle_request  DEBUG    Description: Vehicle Speed, PID SPEED (010D)
2025-05-11 22:53:28,243  root       handle_response DEBUG    Processing: '<header>7E8</header><size>03</size><data>41 0D 20</data>'
2025-05-11 22:53:28,243  root       handle_response DEBUG    Write: '7E8 03 41 0D 20 \r\r>'
2025-05-11 22:53:28,755  root       run             DEBUG    Received '010C'
2025-05-11 22:53:28,755  root       handle_request  DEBUG    Handling: '010C', header '7E0', ECU '7E0'
2025-05-11 22:53:28,755  root       handle_request  DEBUG    Description: Engine RPM, PID RPM (010C)
2025-05-11 22:53:28,755  root       handle_response DEBUG    Processing: '<header>7E8</header><size>04</size><data>41 0C 14 46</data>'
2025-05-11 22:53:28,755  root       handle_response DEBUG    Write: '7E8 04 41 0C 14 46 \r\r>'
2025-05-11 22:53:28,759  root       run             DEBUG    Received '010D'
2025-05-11 22:53:28,759  root       handle_request  DEBUG    Handling: '010D', header '7E0', ECU '7E0'
2025-05-11 22:53:28,759  root       handle_request  DEBUG    Description: Vehicle Speed, PID SPEED (010D)
2025-05-11 22:53:28,760  root       handle_response DEBUG    Processing: '<header>7E8</header><size>03</size><data>41 0D 29</data>'
2025-05-11 22:53:28,760  root       handle_response DEBUG    Write: '7E8 03 41 0D 29 \r\r>'
2025-05-11 22:53:29,276  root       run             DEBUG    Received '010C'
2025-05-11 22:53:29,276  root       handle_request  DEBUG    Handling: '010C', header '7E0', ECU '7E0'
2025-05-11 22:53:29,277  root       handle_request  DEBUG    Description: Engine RPM, PID RPM (010C)
2025-05-11 22:53:29,277  root       handle_response DEBUG    Processing: '<header>7E8</header><size>04</size><data>41 0C 12 87</data>'
2025-05-11 22:53:29,277  root       handle_response DEBUG    Write: '7E8 04 41 0C 12 87 \r\r>'
2025-05-11 22:53:29,284  root       run             DEBUG    Received '010D'
2025-05-11 22:53:29,284  root       handle_request  DEBUG    Handling: '010D', header '7E0', ECU '7E0'
2025-05-11 22:53:29,285  root       handle_request  DEBUG    Description: Vehicle Speed, PID SPEED (010D)
2025-05-11 22:53:29,285  root       handle_response DEBUG    Processing: '<header>7E8</header><size>03</size><data>41 0D 0E</data>'
2025-05-11 22:53:29,285  root       handle_response DEBUG    Write: '7E8 03 41 0D 0E \r\r>'
2025-05-11 22:53:29,466  root       read_from_device DEBUG    TCP/IP communication terminated by the client.
2025-05-11 22:53:29,469  root       reset           DEBUG    Resetting counters and sleeping for 0 seconds
2025-05-11 22:53:29,469  root       accept_connection DEBUG    Waiting for connection at TCP/IP network port 35000.
2025-05-11 23:00:39,491  root       accept_connection DEBUG    Connected by ('127.0.0.1', 56935)
2025-05-11 23:00:39,494  root       run             DEBUG    Received 'ATZ'
2025-05-11 23:00:39,494  root       handle_request  DEBUG    Handling: 'ATZ', header '7E0', ECU '7E0'
2025-05-11 23:00:39,496  root       handle_request  DEBUG    Description: AT RESET, PID AT_RESET (ATZ)
2025-05-11 23:00:39,498  root       reset           DEBUG    Resetting counters and sleeping for 0.5 seconds
2025-05-11 23:00:40,001  root       <module>        DEBUG    Reset and sleep 0.5 seconds
2025-05-11 23:00:40,003  root       handle_response DEBUG    Processing: '<writeln>\r\rELM327 v1.5</writeln>'
2025-05-11 23:00:40,004  root       handle_response DEBUG    Write: '\r\rELM327 v1.5\r\r>'
2025-05-11 23:00:40,498  root       run             DEBUG    Received 'ATE0'
2025-05-11 23:00:40,499  root       handle_request  DEBUG    Handling: 'ATE0', header '7E0', ECU '7E0'
2025-05-11 23:00:40,499  root       handle_request  DEBUG    Description: AT ECHO, PID AT_ECHO (ATE0)
2025-05-11 23:00:40,502  root       <module>        DEBUG    set ECHO ON/OFF : False
2025-05-11 23:00:40,503  root       handle_response DEBUG    Processing: '<writeln>OK</writeln>'
2025-05-11 23:00:40,503  root       handle_response DEBUG    Write: 'OK\r\r>'
2025-05-11 23:00:40,507  root       run             DEBUG    Received 'ATH1'
2025-05-11 23:00:40,507  root       handle_request  DEBUG    Handling: 'ATH1', header '7E0', ECU '7E0'
2025-05-11 23:00:40,508  root       handle_request  DEBUG    Description: AT HEADERS, PID AT_USE_HEADERS (ATH1)
2025-05-11 23:00:40,510  root       <module>        DEBUG    set HEADERS ON/OFF : True
2025-05-11 23:00:40,510  root       handle_response DEBUG    Processing: '<writeln>OK</writeln>'
2025-05-11 23:00:40,510  root       handle_response DEBUG    Write: 'OK\r\r>'
2025-05-11 23:00:40,512  root       run             DEBUG    Received 'ATL0'
2025-05-11 23:00:40,512  root       handle_request  DEBUG    Handling: 'ATL0', header '7E0', ECU '7E0'
2025-05-11 23:00:40,512  root       handle_request  DEBUG    Description: AT LINEFEEDS, PID AT_LINEFEEDS (ATL0)
2025-05-11 23:00:40,513  root       <module>        DEBUG    set LINEFEEDS ON/OFF : False
2025-05-11 23:00:40,513  root       handle_response DEBUG    Processing: '<writeln>OK</writeln>'
2025-05-11 23:00:40,514  root       handle_response DEBUG    Write: 'OK\r\r>'
2025-05-11 23:00:40,517  root       run             DEBUG    Received 'ATSP0'
2025-05-11 23:00:40,519  root       handle_request  DEBUG    Handling: 'ATSP0', header '7E0', ECU '7E0'
2025-05-11 23:00:40,520  root       handle_request  DEBUG    Description: AT PROTO, PID AT_PROTO (ATSP0)
2025-05-11 23:00:40,520  root       <module>        DEBUG    set PROTO 0
2025-05-11 23:00:40,520  root       handle_response DEBUG    Processing: '<writeln>OK</writeln>'
2025-05-11 23:00:40,520  root       handle_response DEBUG    Write: 'OK\r\r>'
2025-05-11 23:00:41,522  root       run             DEBUG    Received '0100'
2025-05-11 23:00:41,522  root       handle_request  DEBUG    Handling: '0100', header '7E0', ECU '7E0'
2025-05-11 23:00:41,523  root       handle_request  DEBUG    UDS P3 timer expired: running stop() method for ECU task "Default ECU Task module", ECU="7E0".
2025-05-11 23:00:41,523  root       handle_request  DEBUG    Description: PIDS_A, PID ELM_PIDS_A (0100)
2025-05-11 23:00:41,524  root       handle_response DEBUG    Processing: '<string>SEARCHING...</string><exec>time.sleep(3)</exec><writeln></writeln><header>7EA</header><size>06</size><data>41 00 98 3A 80 13</data><pos_answer>BE 3F A8 13</pos_answer>'
2025-05-11 23:00:41,524  root       handle_response DEBUG    Write: 'SEARCHING...'
2025-05-11 23:00:44,529  root       handle_response DEBUG    Evaluated command: time.sleep(3) -> None
2025-05-11 23:00:44,531  root       handle_response DEBUG    Write: '\r7EA 06 41 00 98 3A 80 13 \r7E8 06 41 00 BE 3F A8 13 \r\r>'
2025-05-11 23:00:44,537  root       run             DEBUG    Received 'ATDPN'
2025-05-11 23:00:44,537  root       handle_request  DEBUG    Handling: 'ATDPN', header '7E0', ECU '7E0'
2025-05-11 23:00:44,538  root       handle_request  DEBUG    Description: AT Display Protocol Number, PID AT_DESCRIBE_PROTO_N (ATDPN)
2025-05-11 23:00:45,042  root       handle_response DEBUG    Processing: '<writeln>A6</writeln>'
2025-05-11 23:00:45,043  root       handle_response DEBUG    Write: 'A6\r\r>'
2025-05-11 23:00:45,049  root       run             DEBUG    Received '0100'
2025-05-11 23:00:45,049  root       handle_request  DEBUG    Handling: '0100', header '7E0', ECU '7E0'
2025-05-11 23:00:45,050  root       handle_request  DEBUG    Description: PIDS_A, PID ELM_PIDS_A (0100)
2025-05-11 23:00:45,050  root       handle_response DEBUG    Processing: '<header>7EA</header><size>06</size><data>41 00 98 3A 80 13</data><pos_answer>BE 3F A8 13</pos_answer>'
2025-05-11 23:00:45,050  root       handle_response DEBUG    Write: '7EA 06 41 00 98 3A 80 13 \r7E8 06 41 00 BE 3F A8 13 \r\r>'
2025-05-11 23:00:45,057  root       run             DEBUG    Received '0120'
2025-05-11 23:00:45,057  root       handle_request  DEBUG    Handling: '0120', header '7E0', ECU '7E0'
2025-05-11 23:00:45,058  root       handle_request  DEBUG    Description: PIDS_B, PID ELM_PIDS_B (0120)
2025-05-11 23:00:45,058  root       handle_response DEBUG    Processing: '<header>7EA</header><size>06</size><data>41 20 80 01 A0 01</data><pos_answer>90 15 B0 15</pos_answer>'
2025-05-11 23:00:45,058  root       handle_response DEBUG    Write: '7EA 06 41 20 80 01 A0 01 \r7E8 06 41 20 90 15 B0 15 \r\r>'
2025-05-11 23:00:45,063  root       run             DEBUG    Received '0140'
2025-05-11 23:00:45,063  root       handle_request  DEBUG    Handling: '0140', header '7E0', ECU '7E0'
2025-05-11 23:00:45,063  root       handle_request  DEBUG    Description: PIDS_C, PID ELM_PIDS_C (0140)
2025-05-11 23:00:45,063  root       handle_response DEBUG    Processing: '<header>7EA</header><size>06</size><data>41 40 44 CC 00 21</data><pos_answer>7A 1C 80 00</pos_answer>'
2025-05-11 23:00:45,064  root       handle_response DEBUG    Write: '7EA 06 41 40 44 CC 00 21 \r7E8 06 41 40 7A 1C 80 00 \r\r>'
2025-05-11 23:00:45,068  root       run             DEBUG    Received '0600'
2025-05-11 23:00:45,069  root       handle_request  DEBUG    Handling: '0600', header '7E0', ECU '7E0'
2025-05-11 23:00:45,069  root       handle_request  DEBUG    Description: MIDS_A, PID ELM_MIDS_A (0600)
2025-05-11 23:00:45,071  root       handle_response DEBUG    Processing: '<pos_answer>C0 00 00 01</pos_answer>'
2025-05-11 23:00:45,071  root       handle_response DEBUG    Write: '7E8 05 46 C0 00 00 01 \r\r>'
2025-05-11 23:00:45,073  root       run             DEBUG    Received '0900'
2025-05-11 23:00:45,073  root       handle_request  DEBUG    Handling: '0900', header '7E0', ECU '7E0'
2025-05-11 23:00:45,074  root       handle_request  DEBUG    Description: Supported PIDs [01-20], PID ELM_PIDS_9A (0900)
2025-05-11 23:00:45,074  root       handle_response DEBUG    Processing: '<header>7E8</header><size>06</size><data>49 00 55 40 00 00</data>'
2025-05-11 23:00:45,074  root       handle_response DEBUG    Write: '7E8 06 49 00 55 40 00 00 \r\r>'
2025-05-11 23:16:37,859  root       read_from_device DEBUG    TCP/IP communication terminated by the client.
2025-05-11 23:16:37,864  root       reset           DEBUG    Resetting counters and sleeping for 0 seconds
2025-05-11 23:16:37,864  root       accept_connection DEBUG    Waiting for connection at TCP/IP network port 35000.
