1747079901.759339 client started (371476): version 3.4, socket /tmp/tmux-1000/default, protocol 8
1747079901.759368 on Linux 6.14.5-zen1-1-zen #1 ZEN SMP PREEMPT_DYNAMIC Sat, 03 May 2025 13:33:50 +0000
1747079901.759373 using libevent 2.1.12-stable poll
1747079901.759378 using ncurses 6.4 20240113
1747079901.759390 flags are 0x18010000
1747079901.759403 socket is /tmp/tmux-1000/default
1747079901.759415 trying connect
1747079901.759456 add peer 0x5be577e75050: 6 ((nil))
1747079901.759679 sending message 100 to peer 0x5be577e75050 (4 bytes)
1747079901.759689 sending message 111 to peer 0x5be577e75050 (8 bytes)
1747079901.759692 sending message 101 to peer 0x5be577e75050 (15 bytes)
1747079901.759695 sending message 109 to peer 0x5be577e75050 (4 bytes)
1747079901.759699 sending message 102 to peer 0x5be577e75050 (11 bytes)
1747079901.759702 sending message 108 to peer 0x5be577e75050 (16 bytes)
1747079901.759705 sending message 112 to peer 0x5be577e75050 (58 bytes)
1747079901.759708 sending message 112 to peer 0x5be577e75050 (5 bytes)
1747079901.759711 sending message 112 to peer 0x5be577e75050 (5 bytes)
1747079901.759714 sending message 112 to peer 0x5be577e75050 (6 bytes)
1747079901.759717 sending message 112 to peer 0x5be577e75050 (6 bytes)
1747079901.759721 sending message 112 to peer 0x5be577e75050 (11 bytes)
1747079901.759724 sending message 112 to peer 0x5be577e75050 (10 bytes)
1747079901.759728 sending message 112 to peer 0x5be577e75050 (13 bytes)
1747079901.759731 sending message 112 to peer 0x5be577e75050 (14 bytes)
1747079901.759734 sending message 112 to peer 0x5be577e75050 (19 bytes)
1747079901.759737 sending message 112 to peer 0x5be577e75050 (11 bytes)
1747079901.759740 sending message 112 to peer 0x5be577e75050 (10 bytes)
1747079901.759744 sending message 112 to peer 0x5be577e75050 (15 bytes)
1747079901.759748 sending message 112 to peer 0x5be577e75050 (21 bytes)
1747079901.759751 sending message 112 to peer 0x5be577e75050 (13 bytes)
1747079901.759754 sending message 112 to peer 0x5be577e75050 (7 bytes)
1747079901.759757 sending message 112 to peer 0x5be577e75050 (13 bytes)
1747079901.759760 sending message 112 to peer 0x5be577e75050 (7 bytes)
1747079901.759764 sending message 112 to peer 0x5be577e75050 (13 bytes)
1747079901.759769 sending message 112 to peer 0x5be577e75050 (9 bytes)
1747079901.759775 sending message 112 to peer 0x5be577e75050 (21 bytes)
1747079901.759780 sending message 112 to peer 0x5be577e75050 (13 bytes)
1747079901.759784 sending message 112 to peer 0x5be577e75050 (9 bytes)
1747079901.759789 sending message 112 to peer 0x5be577e75050 (16 bytes)
1747079901.759793 sending message 112 to peer 0x5be577e75050 (13 bytes)
1747079901.759798 sending message 112 to peer 0x5be577e75050 (9 bytes)
1747079901.759802 sending message 112 to peer 0x5be577e75050 (9 bytes)
1747079901.759805 sending message 112 to peer 0x5be577e75050 (12 bytes)
1747079901.759810 sending message 112 to peer 0x5be577e75050 (8 bytes)
1747079901.759815 sending message 112 to peer 0x5be577e75050 (8 bytes)
1747079901.759820 sending message 112 to peer 0x5be577e75050 (13 bytes)
1747079901.759824 sending message 112 to peer 0x5be577e75050 (7 bytes)
1747079901.759828 sending message 112 to peer 0x5be577e75050 (7 bytes)
1747079901.759834 sending message 112 to peer 0x5be577e75050 (9 bytes)
1747079901.759838 sending message 112 to peer 0x5be577e75050 (9 bytes)
1747079901.759844 sending message 112 to peer 0x5be577e75050 (15 bytes)
1747079901.759849 sending message 112 to peer 0x5be577e75050 (13 bytes)
1747079901.759853 sending message 112 to peer 0x5be577e75050 (12 bytes)
1747079901.759859 sending message 112 to peer 0x5be577e75050 (8 bytes)
1747079901.759862 sending message 112 to peer 0x5be577e75050 (14 bytes)
1747079901.759868 sending message 112 to peer 0x5be577e75050 (11 bytes)
1747079901.759871 sending message 112 to peer 0x5be577e75050 (9 bytes)
1747079901.759873 sending message 112 to peer 0x5be577e75050 (10 bytes)
1747079901.759876 sending message 112 to peer 0x5be577e75050 (10 bytes)
1747079901.759880 sending message 112 to peer 0x5be577e75050 (10 bytes)
1747079901.759889 sending message 112 to peer 0x5be577e75050 (10 bytes)
1747079901.759892 sending message 112 to peer 0x5be577e75050 (11 bytes)
1747079901.759896 sending message 112 to peer 0x5be577e75050 (12 bytes)
1747079901.759899 sending message 112 to peer 0x5be577e75050 (12 bytes)
1747079901.759903 sending message 112 to peer 0x5be577e75050 (12 bytes)
1747079901.759907 sending message 112 to peer 0x5be577e75050 (12 bytes)
1747079901.759912 sending message 112 to peer 0x5be577e75050 (12 bytes)
1747079901.759916 sending message 112 to peer 0x5be577e75050 (11 bytes)
1747079901.759920 sending message 112 to peer 0x5be577e75050 (11 bytes)
1747079901.759924 sending message 112 to peer 0x5be577e75050 (12 bytes)
1747079901.759928 sending message 112 to peer 0x5be577e75050 (12 bytes)
1747079901.759931 sending message 112 to peer 0x5be577e75050 (12 bytes)
1747079901.759936 sending message 112 to peer 0x5be577e75050 (12 bytes)
1747079901.759939 sending message 112 to peer 0x5be577e75050 (12 bytes)
1747079901.759943 sending message 112 to peer 0x5be577e75050 (9 bytes)
1747079901.759946 sending message 112 to peer 0x5be577e75050 (12 bytes)
1747079901.759949 sending message 112 to peer 0x5be577e75050 (13 bytes)
1747079901.759952 sending message 112 to peer 0x5be577e75050 (13 bytes)
1747079901.759955 sending message 112 to peer 0x5be577e75050 (13 bytes)
1747079901.759960 sending message 112 to peer 0x5be577e75050 (13 bytes)
1747079901.759963 sending message 112 to peer 0x5be577e75050 (13 bytes)
1747079901.759965 sending message 112 to peer 0x5be577e75050 (8 bytes)
1747079901.759968 sending message 112 to peer 0x5be577e75050 (11 bytes)
1747079901.759972 sending message 112 to peer 0x5be577e75050 (11 bytes)
1747079901.759976 sending message 112 to peer 0x5be577e75050 (11 bytes)
1747079901.759979 sending message 112 to peer 0x5be577e75050 (12 bytes)
1747079901.759982 sending message 112 to peer 0x5be577e75050 (12 bytes)
1747079901.759984 sending message 112 to peer 0x5be577e75050 (12 bytes)
1747079901.759987 sending message 112 to peer 0x5be577e75050 (12 bytes)
1747079901.759992 sending message 112 to peer 0x5be577e75050 (13 bytes)
1747079901.759995 sending message 112 to peer 0x5be577e75050 (13 bytes)
1747079901.759997 sending message 112 to peer 0x5be577e75050 (13 bytes)
1747079901.760000 sending message 112 to peer 0x5be577e75050 (8 bytes)
1747079901.760005 sending message 112 to peer 0x5be577e75050 (13 bytes)
1747079901.760009 sending message 112 to peer 0x5be577e75050 (13 bytes)
1747079901.760012 sending message 112 to peer 0x5be577e75050 (13 bytes)
1747079901.760015 sending message 112 to peer 0x5be577e75050 (13 bytes)
1747079901.760018 sending message 112 to peer 0x5be577e75050 (13 bytes)
1747079901.760040 sending message 112 to peer 0x5be577e75050 (12 bytes)
1747079901.760044 sending message 112 to peer 0x5be577e75050 (12 bytes)
1747079901.760047 sending message 112 to peer 0x5be577e75050 (12 bytes)
1747079901.760050 sending message 112 to peer 0x5be577e75050 (12 bytes)
1747079901.760053 sending message 112 to peer 0x5be577e75050 (13 bytes)
1747079901.760056 sending message 112 to peer 0x5be577e75050 (8 bytes)
1747079901.760059 sending message 112 to peer 0x5be577e75050 (13 bytes)
1747079901.760062 sending message 112 to peer 0x5be577e75050 (13 bytes)
1747079901.760065 sending message 112 to peer 0x5be577e75050 (13 bytes)
1747079901.760068 sending message 112 to peer 0x5be577e75050 (13 bytes)
1747079901.760071 sending message 112 to peer 0x5be577e75050 (13 bytes)
1747079901.760075 sending message 112 to peer 0x5be577e75050 (13 bytes)
1747079901.760078 sending message 112 to peer 0x5be577e75050 (13 bytes)
1747079901.760080 sending message 112 to peer 0x5be577e75050 (12 bytes)
1747079901.760083 sending message 112 to peer 0x5be577e75050 (12 bytes)
1747079901.760086 sending message 112 to peer 0x5be577e75050 (12 bytes)
1747079901.760089 sending message 112 to peer 0x5be577e75050 (8 bytes)
1747079901.760092 sending message 112 to peer 0x5be577e75050 (12 bytes)
1747079901.760096 sending message 112 to peer 0x5be577e75050 (13 bytes)
1747079901.760102 sending message 112 to peer 0x5be577e75050 (13 bytes)
1747079901.760105 sending message 112 to peer 0x5be577e75050 (13 bytes)
1747079901.760108 sending message 112 to peer 0x5be577e75050 (13 bytes)
1747079901.760113 sending message 112 to peer 0x5be577e75050 (13 bytes)
1747079901.760117 sending message 112 to peer 0x5be577e75050 (13 bytes)
1747079901.760120 sending message 112 to peer 0x5be577e75050 (13 bytes)
1747079901.760144 sending message 112 to peer 0x5be577e75050 (13 bytes)
1747079901.760173 sending message 112 to peer 0x5be577e75050 (12 bytes)
1747079901.760180 sending message 112 to peer 0x5be577e75050 (10 bytes)
1747079901.760185 sending message 112 to peer 0x5be577e75050 (12 bytes)
1747079901.760188 sending message 112 to peer 0x5be577e75050 (12 bytes)
1747079901.760191 sending message 112 to peer 0x5be577e75050 (12 bytes)
1747079901.760195 sending message 112 to peer 0x5be577e75050 (13 bytes)
1747079901.760198 sending message 112 to peer 0x5be577e75050 (13 bytes)
1747079901.760201 sending message 112 to peer 0x5be577e75050 (13 bytes)
1747079901.760204 sending message 112 to peer 0x5be577e75050 (13 bytes)
1747079901.760208 sending message 112 to peer 0x5be577e75050 (13 bytes)
1747079901.760211 sending message 112 to peer 0x5be577e75050 (13 bytes)
1747079901.760214 sending message 112 to peer 0x5be577e75050 (13 bytes)
1747079901.760218 sending message 112 to peer 0x5be577e75050 (10 bytes)
1747079901.760221 sending message 112 to peer 0x5be577e75050 (13 bytes)
1747079901.760224 sending message 112 to peer 0x5be577e75050 (12 bytes)
1747079901.760228 sending message 112 to peer 0x5be577e75050 (12 bytes)
1747079901.760231 sending message 112 to peer 0x5be577e75050 (12 bytes)
1747079901.760234 sending message 112 to peer 0x5be577e75050 (10 bytes)
1747079901.760237 sending message 112 to peer 0x5be577e75050 (10 bytes)
1747079901.760241 sending message 112 to peer 0x5be577e75050 (10 bytes)
1747079901.760245 sending message 112 to peer 0x5be577e75050 (12 bytes)
1747079901.760248 sending message 112 to peer 0x5be577e75050 (13 bytes)
1747079901.760251 sending message 112 to peer 0x5be577e75050 (13 bytes)
1747079901.760255 sending message 112 to peer 0x5be577e75050 (13 bytes)
1747079901.760258 sending message 112 to peer 0x5be577e75050 (13 bytes)
1747079901.760262 sending message 112 to peer 0x5be577e75050 (13 bytes)
1747079901.760265 sending message 112 to peer 0x5be577e75050 (10 bytes)
1747079901.760268 sending message 112 to peer 0x5be577e75050 (11 bytes)
1747079901.760272 sending message 112 to peer 0x5be577e75050 (12 bytes)
1747079901.760276 sending message 112 to peer 0x5be577e75050 (12 bytes)
1747079901.760279 sending message 112 to peer 0x5be577e75050 (12 bytes)
1747079901.760282 sending message 112 to peer 0x5be577e75050 (12 bytes)
1747079901.760285 sending message 112 to peer 0x5be577e75050 (12 bytes)
1747079901.760289 sending message 112 to peer 0x5be577e75050 (11 bytes)
1747079901.760293 sending message 112 to peer 0x5be577e75050 (12 bytes)
1747079901.760296 sending message 112 to peer 0x5be577e75050 (12 bytes)
1747079901.760299 sending message 112 to peer 0x5be577e75050 (13 bytes)
1747079901.760303 sending message 112 to peer 0x5be577e75050 (13 bytes)
1747079901.760307 sending message 112 to peer 0x5be577e75050 (13 bytes)
1747079901.760310 sending message 112 to peer 0x5be577e75050 (13 bytes)
1747079901.760313 sending message 112 to peer 0x5be577e75050 (13 bytes)
1747079901.760316 sending message 112 to peer 0x5be577e75050 (10 bytes)
1747079901.760320 sending message 112 to peer 0x5be577e75050 (9 bytes)
1747079901.760324 sending message 112 to peer 0x5be577e75050 (12 bytes)
1747079901.760327 sending message 112 to peer 0x5be577e75050 (13 bytes)
1747079901.760330 sending message 112 to peer 0x5be577e75050 (13 bytes)
1747079901.760334 sending message 112 to peer 0x5be577e75050 (13 bytes)
1747079901.760338 sending message 112 to peer 0x5be577e75050 (13 bytes)
1747079901.760341 sending message 112 to peer 0x5be577e75050 (13 bytes)
1747079901.760344 sending message 112 to peer 0x5be577e75050 (9 bytes)
1747079901.760354 sending message 112 to peer 0x5be577e75050 (12 bytes)
1747079901.760358 sending message 112 to peer 0x5be577e75050 (13 bytes)
1747079901.760362 sending message 112 to peer 0x5be577e75050 (13 bytes)
1747079901.760365 sending message 112 to peer 0x5be577e75050 (13 bytes)
1747079901.760370 sending message 112 to peer 0x5be577e75050 (13 bytes)
1747079901.760373 sending message 112 to peer 0x5be577e75050 (13 bytes)
1747079901.760376 sending message 112 to peer 0x5be577e75050 (11 bytes)
1747079901.760380 sending message 112 to peer 0x5be577e75050 (12 bytes)
1747079901.760384 sending message 112 to peer 0x5be577e75050 (13 bytes)
1747079901.760387 sending message 112 to peer 0x5be577e75050 (13 bytes)
1747079901.760389 sending message 112 to peer 0x5be577e75050 (13 bytes)
1747079901.760393 sending message 112 to peer 0x5be577e75050 (13 bytes)
1747079901.760397 sending message 112 to peer 0x5be577e75050 (13 bytes)
1747079901.760401 sending message 112 to peer 0x5be577e75050 (11 bytes)
1747079901.760404 sending message 112 to peer 0x5be577e75050 (12 bytes)
1747079901.760407 sending message 112 to peer 0x5be577e75050 (12 bytes)
1747079901.760411 sending message 112 to peer 0x5be577e75050 (12 bytes)
1747079901.760415 sending message 112 to peer 0x5be577e75050 (12 bytes)
1747079901.760418 sending message 112 to peer 0x5be577e75050 (12 bytes)
1747079901.760421 sending message 112 to peer 0x5be577e75050 (21 bytes)
1747079901.760425 sending message 112 to peer 0x5be577e75050 (12 bytes)
1747079901.760428 sending message 112 to peer 0x5be577e75050 (9 bytes)
1747079901.760432 sending message 112 to peer 0x5be577e75050 (6 bytes)
1747079901.760435 sending message 112 to peer 0x5be577e75050 (13 bytes)
1747079901.760439 sending message 112 to peer 0x5be577e75050 (10 bytes)
1747079901.760443 sending message 112 to peer 0x5be577e75050 (24 bytes)
1747079901.760447 sending message 112 to peer 0x5be577e75050 (13 bytes)
1747079901.760450 sending message 112 to peer 0x5be577e75050 (9 bytes)
1747079901.760453 sending message 112 to peer 0x5be577e75050 (70 bytes)
1747079901.760457 sending message 112 to peer 0x5be577e75050 (69 bytes)
1747079901.760461 sending message 112 to peer 0x5be577e75050 (12 bytes)
1747079901.760464 sending message 112 to peer 0x5be577e75050 (10 bytes)
1747079901.760467 sending message 112 to peer 0x5be577e75050 (10 bytes)
1747079901.760471 sending message 112 to peer 0x5be577e75050 (24 bytes)
1747079901.760475 sending message 112 to peer 0x5be577e75050 (13 bytes)
1747079901.760478 sending message 112 to peer 0x5be577e75050 (10 bytes)
1747079901.760481 sending message 112 to peer 0x5be577e75050 (10 bytes)
1747079901.760486 sending message 112 to peer 0x5be577e75050 (10 bytes)
1747079901.760489 sending message 112 to peer 0x5be577e75050 (13 bytes)
1747079901.760493 sending message 112 to peer 0x5be577e75050 (15 bytes)
1747079901.760496 sending message 112 to peer 0x5be577e75050 (5 bytes)
1747079901.760500 sending message 104 to peer 0x5be577e75050 (0 bytes)
1747079901.760504 sending message 110 to peer 0x5be577e75050 (0 bytes)
1747079901.760508 sending message 107 to peer 0x5be577e75050 (4 bytes)
1747079901.760512 sending message 105 to peer 0x5be577e75050 (16 bytes)
1747079901.760516 sending message 105 to peer 0x5be577e75050 (20 bytes)
1747079901.760520 sending message 105 to peer 0x5be577e75050 (169 bytes)
1747079901.760523 sending message 105 to peer 0x5be577e75050 (19 bytes)
1747079901.760527 sending message 105 to peer 0x5be577e75050 (28 bytes)
1747079901.760530 sending message 105 to peer 0x5be577e75050 (17 bytes)
1747079901.760533 sending message 105 to peer 0x5be577e75050 (21 bytes)
1747079901.760537 sending message 105 to peer 0x5be577e75050 (50 bytes)
1747079901.760541 sending message 105 to peer 0x5be577e75050 (11 bytes)
1747079901.760544 sending message 105 to peer 0x5be577e75050 (33 bytes)
1747079901.760548 sending message 105 to peer 0x5be577e75050 (32 bytes)
1747079901.760551 sending message 105 to peer 0x5be577e75050 (20 bytes)
1747079901.760554 sending message 105 to peer 0x5be577e75050 (14 bytes)
1747079901.760560 sending message 105 to peer 0x5be577e75050 (30 bytes)
1747079901.760564 sending message 105 to peer 0x5be577e75050 (28 bytes)
1747079901.760567 sending message 105 to peer 0x5be577e75050 (117 bytes)
1747079901.760572 sending message 105 to peer 0x5be577e75050 (123 bytes)
1747079901.760575 sending message 105 to peer 0x5be577e75050 (17 bytes)
1747079901.760579 sending message 105 to peer 0x5be577e75050 (17 bytes)
1747079901.760582 sending message 105 to peer 0x5be577e75050 (1817 bytes)
1747079901.760595 sending message 105 to peer 0x5be577e75050 (34 bytes)
1747079901.760599 sending message 105 to peer 0x5be577e75050 (14 bytes)
1747079901.760604 sending message 105 to peer 0x5be577e75050 (32 bytes)
1747079901.760607 sending message 105 to peer 0x5be577e75050 (137 bytes)
1747079901.760610 sending message 105 to peer 0x5be577e75050 (29 bytes)
1747079901.760614 sending message 105 to peer 0x5be577e75050 (35 bytes)
1747079901.760617 sending message 105 to peer 0x5be577e75050 (47 bytes)
1747079901.760620 sending message 105 to peer 0x5be577e75050 (23 bytes)
1747079901.760624 sending message 105 to peer 0x5be577e75050 (31 bytes)
1747079901.760627 sending message 105 to peer 0x5be577e75050 (55 bytes)
1747079901.760630 sending message 105 to peer 0x5be577e75050 (43 bytes)
1747079901.760633 sending message 105 to peer 0x5be577e75050 (34 bytes)
1747079901.760637 sending message 105 to peer 0x5be577e75050 (50 bytes)
1747079901.760641 sending message 105 to peer 0x5be577e75050 (20 bytes)
1747079901.760644 sending message 105 to peer 0x5be577e75050 (32 bytes)
1747079901.760647 sending message 105 to peer 0x5be577e75050 (11 bytes)
1747079901.760650 sending message 105 to peer 0x5be577e75050 (54 bytes)
1747079901.760653 sending message 105 to peer 0x5be577e75050 (23 bytes)
1747079901.760657 sending message 105 to peer 0x5be577e75050 (17 bytes)
1747079901.760660 sending message 105 to peer 0x5be577e75050 (8 bytes)
1747079901.760663 sending message 105 to peer 0x5be577e75050 (10 bytes)
1747079901.760666 sending message 105 to peer 0x5be577e75050 (26 bytes)
1747079901.760670 sending message 105 to peer 0x5be577e75050 (16 bytes)
1747079901.760674 sending message 105 to peer 0x5be577e75050 (36 bytes)
1747079901.760678 sending message 105 to peer 0x5be577e75050 (154 bytes)
1747079901.760681 sending message 105 to peer 0x5be577e75050 (23 bytes)
1747079901.760684 sending message 105 to peer 0x5be577e75050 (29 bytes)
1747079901.760688 sending message 105 to peer 0x5be577e75050 (41 bytes)
1747079901.760691 sending message 105 to peer 0x5be577e75050 (19 bytes)
1747079901.760695 sending message 105 to peer 0x5be577e75050 (154 bytes)
1747079901.760698 sending message 105 to peer 0x5be577e75050 (33 bytes)
1747079901.760701 sending message 105 to peer 0x5be577e75050 (25 bytes)
1747079901.760706 sending message 105 to peer 0x5be577e75050 (125 bytes)
1747079901.760709 sending message 105 to peer 0x5be577e75050 (620 bytes)
1747079901.760712 sending message 105 to peer 0x5be577e75050 (31 bytes)
1747079901.760715 sending message 105 to peer 0x5be577e75050 (23 bytes)
1747079901.760719 sending message 105 to peer 0x5be577e75050 (20 bytes)
1747079901.760722 sending message 105 to peer 0x5be577e75050 (78 bytes)
1747079901.760725 sending message 105 to peer 0x5be577e75050 (16 bytes)
1747079901.760728 sending message 106 to peer 0x5be577e75050 (0 bytes)
1747079901.760767 sending message 200 to peer 0x5be577e75050 (4 bytes)
1747079901.760773 client loop enter
1747079901.763114 peer 0x5be577e75050 message 207
1747079901.763127 sending message 208 to peer 0x5be577e75050 (0 bytes)
1747079903.775164 peer 0x5be577e75050 message 201
1747079903.775184 sending message 205 to peer 0x5be577e75050 (0 bytes)
1747079903.775426 peer 0x5be577e75050 message 204
1747079903.775434 client loop exit
